----------------------------------------------------------------
Sun Mar 13 13:22:00 CDT 2022:
Booting Derby version The Apache Software Foundation - Apache Derby - 10.12.1.1 - (1704137): instance a816c00e-017f-8484-0a29-00006ea5d160 
on database directory C:\Users\joyce\IdeaProjects\bigdatacapstone\metastore_db with class loader org.apache.spark.sql.hive.client.IsolatedClientLoader$$anon$1@a9708b9 
Loaded from file:/C:/Users/joyce/IdeaProjects/bigdatacapstone/target/bg-jobs/sbt_1f958295/target/6a358f49/d4f190b2/derby-10.12.1.1.jar
java.vendor=Oracle Corporation
java.runtime.version=1.8.0_321-b07
user.dir=C:\Users\joyce\IdeaProjects\bigdatacapstone
os.name=Windows 10
os.arch=amd64
os.version=10.0
derby.system.home=null
Database Class Loader started - derby.database.classpath=''
Sun Mar 13 13:22:26 CDT 2022 Thread[streaming-job-executor-0,5,main] (XID = 37058), (SESSIONID = 15), (DATABASE = metastore_db), (DRDAID = null), Cleanup action starting
Sun Mar 13 13:22:26 CDT 2022 Thread[streaming-job-executor-0,5,main] (XID = 37058), (SESSIONID = 15), (DATABASE = metastore_db), (DRDAID = null), Failed Statement is: SELECT 'org.apache.hadoop.hive.metastore.model.MDatabase' AS NUCLEUS_TYPE,A0."DESC",A0.DB_LOCATION_URI,A0."NAME",A0.OWNER_NAME,A0.OWNER_TYPE,A0.DB_ID FROM DBS A0 WHERE A0."NAME" = ? with 1 parameters begin parameter #1: default :end parameter 
ERROR 08000: Connection closed by unknown interrupt.
	at org.apache.derby.iapi.error.StandardException.newException(Unknown Source)
	at org.apache.derby.iapi.error.StandardException.newException(Unknown Source)
	at org.apache.derby.iapi.util.InterruptStatus.setInterrupted(Unknown Source)
	at org.apache.derby.iapi.util.InterruptStatus.throwIf(Unknown Source)
	at org.apache.derby.impl.sql.execute.BasicNoPutResultSetImpl.checkCancellationFlag(Unknown Source)
	at org.apache.derby.impl.sql.execute.TableScanResultSet.getNextRowCore(Unknown Source)
	at org.apache.derby.impl.sql.execute.IndexRowToBaseRowResultSet.getNextRowCore(Unknown Source)
	at org.apache.derby.impl.sql.execute.ProjectRestrictResultSet.getNextRowCore(Unknown Source)
	at org.apache.derby.impl.sql.execute.BasicNoPutResultSetImpl.getNextRow(Unknown Source)
	at org.apache.derby.impl.jdbc.EmbedResultSet.movePosition(Unknown Source)
	at org.apache.derby.impl.jdbc.EmbedResultSet.next(Unknown Source)
	at org.datanucleus.store.rdbms.query.ForwardQueryResult.initialise(ForwardQueryResult.java:99)
	at org.datanucleus.store.rdbms.query.JDOQLQuery.performExecute(JDOQLQuery.java:744)
	at org.datanucleus.store.query.Query.executeQuery(Query.java:1786)
	at org.datanucleus.store.query.Query.executeWithArray(Query.java:1672)
	at org.datanucleus.api.jdo.JDOQuery.execute(JDOQuery.java:243)
	at org.apache.hadoop.hive.metastore.ObjectStore.getMDatabase(ObjectStore.java:540)
	at org.apache.hadoop.hive.metastore.ObjectStore.convertToMTable(ObjectStore.java:1085)
	at org.apache.hadoop.hive.metastore.ObjectStore.alterTable(ObjectStore.java:2754)
	at sun.reflect.NativeMethodAccessorImpl.invoke0(Native Method)
	at sun.reflect.NativeMethodAccessorImpl.invoke(NativeMethodAccessorImpl.java:62)
	at sun.reflect.DelegatingMethodAccessorImpl.invoke(DelegatingMethodAccessorImpl.java:43)
	at java.lang.reflect.Method.invoke(Method.java:498)
	at org.apache.hadoop.hive.metastore.RawStoreProxy.invoke(RawStoreProxy.java:114)
	at com.sun.proxy.$Proxy23.alterTable(Unknown Source)
	at org.apache.hadoop.hive.metastore.HiveAlterHandler.alterTable(HiveAlterHandler.java:243)
	at org.apache.hadoop.hive.metastore.HiveMetaStore$HMSHandler.alter_table_core(HiveMetaStore.java:3408)
	at org.apache.hadoop.hive.metastore.HiveMetaStore$HMSHandler.alter_table_with_cascade(HiveMetaStore.java:3380)
	at sun.reflect.NativeMethodAccessorImpl.invoke0(Native Method)
	at sun.reflect.NativeMethodAccessorImpl.invoke(NativeMethodAccessorImpl.java:62)
	at sun.reflect.DelegatingMethodAccessorImpl.invoke(DelegatingMethodAccessorImpl.java:43)
	at java.lang.reflect.Method.invoke(Method.java:498)
	at org.apache.hadoop.hive.metastore.RetryingHMSHandler.invoke(RetryingHMSHandler.java:107)
	at com.sun.proxy.$Proxy25.alter_table_with_cascade(Unknown Source)
	at org.apache.hadoop.hive.metastore.HiveMetaStoreClient.alter_table(HiveMetaStoreClient.java:340)
	at org.apache.hadoop.hive.ql.metadata.SessionHiveMetaStoreClient.alter_table(SessionHiveMetaStoreClient.java:251)
	at sun.reflect.NativeMethodAccessorImpl.invoke0(Native Method)
	at sun.reflect.NativeMethodAccessorImpl.invoke(NativeMethodAccessorImpl.java:62)
	at sun.reflect.DelegatingMethodAccessorImpl.invoke(DelegatingMethodAccessorImpl.java:43)
	at java.lang.reflect.Method.invoke(Method.java:498)
	at org.apache.hadoop.hive.metastore.RetryingMetaStoreClient.invoke(RetryingMetaStoreClient.java:156)
	at com.sun.proxy.$Proxy26.alter_table(Unknown Source)
	at org.apache.hadoop.hive.ql.metadata.Hive.alterTable(Hive.java:496)
	at org.apache.hadoop.hive.ql.metadata.Hive.alterTable(Hive.java:484)
	at org.apache.hadoop.hive.ql.metadata.Hive.loadTable(Hive.java:1668)
	at sun.reflect.NativeMethodAccessorImpl.invoke0(Native Method)
	at sun.reflect.NativeMethodAccessorImpl.invoke(NativeMethodAccessorImpl.java:62)
	at sun.reflect.DelegatingMethodAccessorImpl.invoke(DelegatingMethodAccessorImpl.java:43)
	at java.lang.reflect.Method.invoke(Method.java:498)
	at org.apache.spark.sql.hive.client.Shim_v0_14.loadTable(HiveShim.scala:880)
	at org.apache.spark.sql.hive.client.HiveClientImpl$$anonfun$loadTable$1.apply$mcV$sp(HiveClientImpl.scala:792)
	at org.apache.spark.sql.hive.client.HiveClientImpl$$anonfun$loadTable$1.apply(HiveClientImpl.scala:792)
	at org.apache.spark.sql.hive.client.HiveClientImpl$$anonfun$loadTable$1.apply(HiveClientImpl.scala:792)
	at org.apache.spark.sql.hive.client.HiveClientImpl$$anonfun$withHiveState$1.apply(HiveClientImpl.scala:278)
	at org.apache.spark.sql.hive.client.HiveClientImpl.liftedTree1$1(HiveClientImpl.scala:216)
	at org.apache.spark.sql.hive.client.HiveClientImpl.retryLocked(HiveClientImpl.scala:215)
	at org.apache.spark.sql.hive.client.HiveClientImpl.withHiveState(HiveClientImpl.scala:261)
	at org.apache.spark.sql.hive.client.HiveClientImpl.loadTable(HiveClientImpl.scala:791)
	at org.apache.spark.sql.hive.HiveExternalCatalog$$anonfun$loadTable$1.apply$mcV$sp(HiveExternalCatalog.scala:845)
	at org.apache.spark.sql.hive.HiveExternalCatalog$$anonfun$loadTable$1.apply(HiveExternalCatalog.scala:843)
	at org.apache.spark.sql.hive.HiveExternalCatalog$$anonfun$loadTable$1.apply(HiveExternalCatalog.scala:843)
	at org.apache.spark.sql.hive.HiveExternalCatalog.withClient(HiveExternalCatalog.scala:97)
	at org.apache.spark.sql.hive.HiveExternalCatalog.loadTable(HiveExternalCatalog.scala:843)
	at org.apache.spark.sql.catalyst.catalog.ExternalCatalogWithListener.loadTable(ExternalCatalogWithListener.scala:159)
	at org.apache.spark.sql.hive.execution.InsertIntoHiveTable.processInsert(InsertIntoHiveTable.scala:309)
	at org.apache.spark.sql.hive.execution.InsertIntoHiveTable.run(InsertIntoHiveTable.scala:99)
	at org.apache.spark.sql.execution.command.DataWritingCommandExec.sideEffectResult$lzycompute(commands.scala:104)
	at org.apache.spark.sql.execution.command.DataWritingCommandExec.sideEffectResult(commands.scala:102)
	at org.apache.spark.sql.execution.command.DataWritingCommandExec.doExecute(commands.scala:122)
	at org.apache.spark.sql.execution.SparkPlan$$anonfun$execute$1.apply(SparkPlan.scala:136)
	at org.apache.spark.sql.execution.SparkPlan$$anonfun$execute$1.apply(SparkPlan.scala:132)
	at org.apache.spark.sql.execution.SparkPlan$$anonfun$executeQuery$1.apply(SparkPlan.scala:160)
	at org.apache.spark.rdd.RDDOperationScope$.withScope(RDDOperationScope.scala:151)
	at org.apache.spark.sql.execution.SparkPlan.executeQuery(SparkPlan.scala:157)
	at org.apache.spark.sql.execution.SparkPlan.execute(SparkPlan.scala:132)
	at org.apache.spark.sql.execution.QueryExecution.toRdd$lzycompute(QueryExecution.scala:83)
	at org.apache.spark.sql.execution.QueryExecution.toRdd(QueryExecution.scala:81)
	at org.apache.spark.sql.DataFrameWriter$$anonfun$runCommand$1.apply(DataFrameWriter.scala:696)
	at org.apache.spark.sql.DataFrameWriter$$anonfun$runCommand$1.apply(DataFrameWriter.scala:696)
	at org.apache.spark.sql.execution.SQLExecution$$anonfun$withNewExecutionId$1.apply(SQLExecution.scala:80)
	at org.apache.spark.sql.execution.SQLExecution$.withSQLConfPropagated(SQLExecution.scala:127)
	at org.apache.spark.sql.execution.SQLExecution$.withNewExecutionId(SQLExecution.scala:75)
	at org.apache.spark.sql.DataFrameWriter.runCommand(DataFrameWriter.scala:696)
	at org.apache.spark.sql.DataFrameWriter.insertInto(DataFrameWriter.scala:354)
	at org.apache.spark.sql.DataFrameWriter.insertInto(DataFrameWriter.scala:340)
	at kafkapack.ClickstreamConsumerStreaming$$anonfun$consumerKafka$1.apply(ClickstreamConsumerStreaming.scala:111)
	at kafkapack.ClickstreamConsumerStreaming$$anonfun$consumerKafka$1.apply(ClickstreamConsumerStreaming.scala:92)
	at org.apache.spark.streaming.dstream.DStream$$anonfun$foreachRDD$1$$anonfun$apply$mcV$sp$3.apply(DStream.scala:628)
	at org.apache.spark.streaming.dstream.DStream$$anonfun$foreachRDD$1$$anonfun$apply$mcV$sp$3.apply(DStream.scala:628)
	at org.apache.spark.streaming.dstream.ForEachDStream$$anonfun$1$$anonfun$apply$mcV$sp$1.apply$mcV$sp(ForEachDStream.scala:51)
	at org.apache.spark.streaming.dstream.ForEachDStream$$anonfun$1$$anonfun$apply$mcV$sp$1.apply(ForEachDStream.scala:51)
	at org.apache.spark.streaming.dstream.ForEachDStream$$anonfun$1$$anonfun$apply$mcV$sp$1.apply(ForEachDStream.scala:51)
	at org.apache.spark.streaming.dstream.DStream.createRDDWithLocalProperties(DStream.scala:416)
	at org.apache.spark.streaming.dstream.ForEachDStream$$anonfun$1.apply$mcV$sp(ForEachDStream.scala:50)
	at org.apache.spark.streaming.dstream.ForEachDStream$$anonfun$1.apply(ForEachDStream.scala:50)
	at org.apache.spark.streaming.dstream.ForEachDStream$$anonfun$1.apply(ForEachDStream.scala:50)
	at scala.util.Try$.apply(Try.scala:192)
	at org.apache.spark.streaming.scheduler.Job.run(Job.scala:39)
	at org.apache.spark.streaming.scheduler.JobScheduler$JobHandler$$anonfun$run$1.apply$mcV$sp(JobScheduler.scala:257)
	at org.apache.spark.streaming.scheduler.JobScheduler$JobHandler$$anonfun$run$1.apply(JobScheduler.scala:257)
	at org.apache.spark.streaming.scheduler.JobScheduler$JobHandler$$anonfun$run$1.apply(JobScheduler.scala:257)
	at scala.util.DynamicVariable.withValue(DynamicVariable.scala:58)
	at org.apache.spark.streaming.scheduler.JobScheduler$JobHandler.run(JobScheduler.scala:256)
	at java.util.concurrent.ThreadPoolExecutor.runWorker(ThreadPoolExecutor.java:1149)
	at java.util.concurrent.ThreadPoolExecutor$Worker.run(ThreadPoolExecutor.java:624)
	at java.lang.Thread.run(Thread.java:750)
---------------
Stack traces for all live threads:
Thread name=block-manager-ask-thread-pool-26 id=266 priority=5 state=TIMED_WAITING isdaemon=true
	sun.misc.Unsafe.park(Native Method)
	java.util.concurrent.locks.LockSupport.parkNanos(LockSupport.java:215)
	java.util.concurrent.locks.AbstractQueuedSynchronizer$ConditionObject.awaitNanos(AbstractQueuedSynchronizer.java:2078)
	java.util.concurrent.LinkedBlockingQueue.poll(LinkedBlockingQueue.java:467)
	java.util.concurrent.ThreadPoolExecutor.getTask(ThreadPoolExecutor.java:1073)
	java.util.concurrent.ThreadPoolExecutor.runWorker(ThreadPoolExecutor.java:1134)
	java.util.concurrent.ThreadPoolExecutor$Worker.run(ThreadPoolExecutor.java:624)
	java.lang.Thread.run(Thread.java:750)

Thread name=shuffle-client-5-4 id=292 priority=5 state=TIMED_WAITING isdaemon=true

Thread name=shuffle-server-7-4 id=284 priority=5 state=TIMED_WAITING isdaemon=true
	java.lang.Thread.sleep(Native Method)
	io.netty.util.concurrent.SingleThreadEventExecutor.confirmShutdown(SingleThreadEventExecutor.java:790)
	io.netty.channel.nio.NioEventLoop.run(NioEventLoop.java:525)
	io.netty.util.concurrent.SingleThreadEventExecutor$4.run(SingleThreadEventExecutor.java:989)
	io.netty.util.internal.ThreadExecutorMap$2.run(ThreadExecutorMap.java:74)
	io.netty.util.concurrent.FastThreadLocalRunnable.run(FastThreadLocalRunnable.java:30)
	java.lang.Thread.run(Thread.java:750)

Thread name=block-manager-slave-async-thread-pool-18 id=235 priority=5 state=TIMED_WAITING isdaemon=true
	sun.misc.Unsafe.park(Native Method)
	java.util.concurrent.locks.LockSupport.parkNanos(LockSupport.java:215)
	java.util.concurrent.locks.AbstractQueuedSynchronizer$ConditionObject.awaitNanos(AbstractQueuedSynchronizer.java:2078)
	java.util.concurrent.LinkedBlockingQueue.poll(LinkedBlockingQueue.java:467)
	java.util.concurrent.ThreadPoolExecutor.getTask(ThreadPoolExecutor.java:1073)
	java.util.concurrent.ThreadPoolExecutor.runWorker(ThreadPoolExecutor.java:1134)
	java.util.concurrent.ThreadPoolExecutor$Worker.run(ThreadPoolExecutor.java:624)
	java.lang.Thread.run(Thread.java:750)

Thread name=block-manager-ask-thread-pool-19 id=241 priority=5 state=TIMED_WAITING isdaemon=true
	sun.misc.Unsafe.park(Native Method)
	java.util.concurrent.locks.LockSupport.parkNanos(LockSupport.java:215)
	java.util.concurrent.locks.AbstractQueuedSynchronizer$ConditionObject.awaitNanos(AbstractQueuedSynchronizer.java:2078)
	java.util.concurrent.LinkedBlockingQueue.poll(LinkedBlockingQueue.java:467)
	java.util.concurrent.ThreadPoolExecutor.getTask(ThreadPoolExecutor.java:1073)
	java.util.concurrent.ThreadPoolExecutor.runWorker(ThreadPoolExecutor.java:1134)
	java.util.concurrent.ThreadPoolExecutor$Worker.run(ThreadPoolExecutor.java:624)
	java.lang.Thread.run(Thread.java:750)

Thread name=org.apache.hadoop.fs.FileSystem$Statistics$StatisticsDataReferenceCleaner id=163 priority=5 state=WAITING isdaemon=true
	java.lang.Object.wait(Native Method)
	java.lang.ref.ReferenceQueue.remove(ReferenceQueue.java:144)
	java.lang.ref.ReferenceQueue.remove(ReferenceQueue.java:165)
	org.apache.hadoop.fs.FileSystem$Statistics$StatisticsDataReferenceCleaner.run(FileSystem.java:2989)
	java.lang.Thread.run(Thread.java:750)

Thread name=ForkJoinPool-1-worker-13 id=171 priority=5 state=WAITING isdaemon=true
	sun.misc.Unsafe.park(Native Method)
	scala.concurrent.forkjoin.ForkJoinPool.scan(ForkJoinPool.java:2075)
	scala.concurrent.forkjoin.ForkJoinPool.runWorker(ForkJoinPool.java:1979)
	scala.concurrent.forkjoin.ForkJoinWorkerThread.run(ForkJoinWorkerThread.java:107)

Thread name=block-manager-slave-async-thread-pool-12 id=226 priority=5 state=TIMED_WAITING isdaemon=true
	sun.misc.Unsafe.park(Native Method)
	java.util.concurrent.locks.LockSupport.parkNanos(LockSupport.java:215)
	java.util.concurrent.locks.AbstractQueuedSynchronizer$ConditionObject.awaitNanos(AbstractQueuedSynchronizer.java:2078)
	java.util.concurrent.LinkedBlockingQueue.poll(LinkedBlockingQueue.java:467)
	java.util.concurrent.ThreadPoolExecutor.getTask(ThreadPoolExecutor.java:1073)
	java.util.concurrent.ThreadPoolExecutor.runWorker(ThreadPoolExecutor.java:1134)
	java.util.concurrent.ThreadPoolExecutor$Worker.run(ThreadPoolExecutor.java:624)
	java.lang.Thread.run(Thread.java:750)

Thread name=block-manager-slave-async-thread-pool-6 id=205 priority=5 state=TIMED_WAITING isdaemon=true
	sun.misc.Unsafe.park(Native Method)
	java.util.concurrent.locks.LockSupport.parkNanos(LockSupport.java:215)
	java.util.concurrent.locks.AbstractQueuedSynchronizer$ConditionObject.awaitNanos(AbstractQueuedSynchronizer.java:2078)
	java.util.concurrent.LinkedBlockingQueue.poll(LinkedBlockingQueue.java:467)
	java.util.concurrent.ThreadPoolExecutor.getTask(ThreadPoolExecutor.java:1073)
	java.util.concurrent.ThreadPoolExecutor.runWorker(ThreadPoolExecutor.java:1134)
	java.util.concurrent.ThreadPoolExecutor$Worker.run(ThreadPoolExecutor.java:624)
	java.lang.Thread.run(Thread.java:750)

Thread name=pool-1-thread-2 id=13 priority=5 state=WAITING isdaemon=false
	sun.misc.Unsafe.park(Native Method)
	java.util.concurrent.locks.LockSupport.park(LockSupport.java:175)
	java.util.concurrent.locks.AbstractQueuedSynchronizer$ConditionObject.await(AbstractQueuedSynchronizer.java:2039)
	java.util.concurrent.LinkedBlockingQueue.take(LinkedBlockingQueue.java:442)
	java.util.concurrent.ThreadPoolExecutor.getTask(ThreadPoolExecutor.java:1074)
	java.util.concurrent.ThreadPoolExecutor.runWorker(ThreadPoolExecutor.java:1134)
	java.util.concurrent.ThreadPoolExecutor$Worker.run(ThreadPoolExecutor.java:624)
	java.lang.Thread.run(Thread.java:750)

Thread name=shuffle-client-5-2 id=290 priority=5 state=TIMED_WAITING isdaemon=true
	sun.nio.ch.WindowsSelectorImpl$SubSelector.poll0(Native Method)
	sun.nio.ch.WindowsSelectorImpl$SubSelector.poll(WindowsSelectorImpl.java:296)
	sun.nio.ch.WindowsSelectorImpl$SubSelector.access$400(WindowsSelectorImpl.java:278)
	sun.nio.ch.WindowsSelectorImpl.doSelect(WindowsSelectorImpl.java:159)
	sun.nio.ch.SelectorImpl.lockAndDoSelect(SelectorImpl.java:86)
	sun.nio.ch.SelectorImpl.selectNow(SelectorImpl.java:105)
	io.netty.channel.nio.SelectedSelectionKeySetSelector.selectNow(SelectedSelectionKeySetSelector.java:56)
	io.netty.channel.nio.NioEventLoop.selectNow(NioEventLoop.java:798)
	io.netty.channel.nio.NioEventLoop$1.get(NioEventLoop.java:72)
	io.netty.channel.DefaultSelectStrategy.calculateStrategy(DefaultSelectStrategy.java:30)
	io.netty.channel.nio.NioEventLoop.run(NioEventLoop.java:441)
	io.netty.util.concurrent.SingleThreadEventExecutor$4.run(SingleThreadEventExecutor.java:989)
	io.netty.util.internal.ThreadExecutorMap$2.run(ThreadExecutorMap.java:74)
	io.netty.util.concurrent.FastThreadLocalRunnable.run(FastThreadLocalRunnable.java:30)
	java.lang.Thread.run(Thread.java:750)

Thread name=Attach Listener id=5 priority=5 state=RUNNABLE isdaemon=true

Thread name=block-manager-ask-thread-pool-28 id=269 priority=5 state=TIMED_WAITING isdaemon=true
	sun.misc.Unsafe.park(Native Method)
	java.util.concurrent.locks.LockSupport.parkNanos(LockSupport.java:215)
	java.util.concurrent.locks.AbstractQueuedSynchronizer$ConditionObject.awaitNanos(AbstractQueuedSynchronizer.java:2078)
	java.util.concurrent.LinkedBlockingQueue.poll(LinkedBlockingQueue.java:467)
	java.util.concurrent.ThreadPoolExecutor.getTask(ThreadPoolExecutor.java:1073)
	java.util.concurrent.ThreadPoolExecutor.runWorker(ThreadPoolExecutor.java:1134)
	java.util.concurrent.ThreadPoolExecutor$Worker.run(ThreadPoolExecutor.java:624)
	java.lang.Thread.run(Thread.java:750)

Thread name=block-manager-slave-async-thread-pool-28 id=265 priority=5 state=TIMED_WAITING isdaemon=true
	sun.misc.Unsafe.park(Native Method)
	java.util.concurrent.locks.LockSupport.parkNanos(LockSupport.java:215)
	java.util.concurrent.locks.AbstractQueuedSynchronizer$ConditionObject.awaitNanos(AbstractQueuedSynchronizer.java:2078)
	java.util.concurrent.LinkedBlockingQueue.poll(LinkedBlockingQueue.java:467)
	java.util.concurrent.ThreadPoolExecutor.getTask(ThreadPoolExecutor.java:1073)
	java.util.concurrent.ThreadPoolExecutor.runWorker(ThreadPoolExecutor.java:1134)
	java.util.concurrent.ThreadPoolExecutor$Worker.run(ThreadPoolExecutor.java:624)
	java.lang.Thread.run(Thread.java:750)

Thread name=com.google.common.base.internal.Finalizer id=157 priority=5 state=WAITING isdaemon=true
	java.lang.Object.wait(Native Method)
	java.lang.ref.ReferenceQueue.remove(ReferenceQueue.java:144)
	java.lang.ref.ReferenceQueue.remove(ReferenceQueue.java:165)
	com.google.common.base.internal.Finalizer.run(Finalizer.java:131)
	java.lang.Thread.run(Thread.java:750)

Thread name=pool-1-thread-5 id=16 priority=5 state=WAITING isdaemon=false
	sun.misc.Unsafe.park(Native Method)
	java.util.concurrent.locks.LockSupport.park(LockSupport.java:175)
	java.util.concurrent.locks.AbstractQueuedSynchronizer$ConditionObject.await(AbstractQueuedSynchronizer.java:2039)
	java.util.concurrent.LinkedBlockingQueue.take(LinkedBlockingQueue.java:442)
	java.util.concurrent.ThreadPoolExecutor.getTask(ThreadPoolExecutor.java:1074)
	java.util.concurrent.ThreadPoolExecutor.runWorker(ThreadPoolExecutor.java:1134)
	java.util.concurrent.ThreadPoolExecutor$Worker.run(ThreadPoolExecutor.java:624)
	java.lang.Thread.run(Thread.java:750)

Thread name=shuffle-client-5-1 id=289 priority=5 state=TIMED_WAITING isdaemon=true
	sun.nio.ch.WindowsSelectorImpl$SubSelector.poll0(Native Method)
	sun.nio.ch.WindowsSelectorImpl$SubSelector.poll(WindowsSelectorImpl.java:296)
	sun.nio.ch.WindowsSelectorImpl$SubSelector.access$400(WindowsSelectorImpl.java:278)
	sun.nio.ch.WindowsSelectorImpl.doSelect(WindowsSelectorImpl.java:159)
	sun.nio.ch.SelectorImpl.lockAndDoSelect(SelectorImpl.java:86)
	sun.nio.ch.SelectorImpl.selectNow(SelectorImpl.java:105)
	io.netty.channel.nio.SelectedSelectionKeySetSelector.selectNow(SelectedSelectionKeySetSelector.java:56)
	io.netty.channel.nio.NioEventLoop.selectNow(NioEventLoop.java:798)
	io.netty.channel.nio.NioEventLoop$1.get(NioEventLoop.java:72)
	io.netty.channel.DefaultSelectStrategy.calculateStrategy(DefaultSelectStrategy.java:30)
	io.netty.channel.nio.NioEventLoop.run(NioEventLoop.java:441)
	io.netty.util.concurrent.SingleThreadEventExecutor$4.run(SingleThreadEventExecutor.java:989)
	io.netty.util.internal.ThreadExecutorMap$2.run(ThreadExecutorMap.java:74)
	io.netty.util.concurrent.FastThreadLocalRunnable.run(FastThreadLocalRunnable.java:30)
	java.lang.Thread.run(Thread.java:750)

Thread name=streaming-job-executor-0 id=173 priority=5 state=RUNNABLE isdaemon=true
	java.lang.Thread.dumpThreads(Native Method)
	java.lang.Thread.getAllStackTraces(Thread.java:1615)
	org.apache.derby.iapi.error.ThreadDump.getStackDumpString(Unknown Source)
	sun.reflect.NativeMethodAccessorImpl.invoke0(Native Method)
	sun.reflect.NativeMethodAccessorImpl.invoke(NativeMethodAccessorImpl.java:62)
	sun.reflect.DelegatingMethodAccessorImpl.invoke(DelegatingMethodAccessorImpl.java:43)
	java.lang.reflect.Method.invoke(Method.java:498)
	org.apache.derby.iapi.error.ExceptionUtil$1.run(Unknown Source)
	java.security.AccessController.doPrivileged(Native Method)
	org.apache.derby.iapi.error.ExceptionUtil.dumpThreads(Unknown Source)
	org.apache.derby.iapi.services.context.ContextManager.cleanupOnError(Unknown Source)
	org.apache.derby.impl.jdbc.TransactionResourceImpl.cleanupOnError(Unknown Source)
	org.apache.derby.impl.jdbc.TransactionResourceImpl.handleException(Unknown Source)
	org.apache.derby.impl.jdbc.EmbedConnection.handleException(Unknown Source)
	org.apache.derby.impl.jdbc.ConnectionChild.handleException(Unknown Source)
	org.apache.derby.impl.jdbc.EmbedResultSet.closeOnTransactionError(Unknown Source)
	org.apache.derby.impl.jdbc.EmbedResultSet.movePosition(Unknown Source)
	org.apache.derby.impl.jdbc.EmbedResultSet.next(Unknown Source)
	org.datanucleus.store.rdbms.query.ForwardQueryResult.initialise(ForwardQueryResult.java:99)
	org.datanucleus.store.rdbms.query.JDOQLQuery.performExecute(JDOQLQuery.java:744)
	org.datanucleus.store.query.Query.executeQuery(Query.java:1786)
	org.datanucleus.store.query.Query.executeWithArray(Query.java:1672)
	org.datanucleus.api.jdo.JDOQuery.execute(JDOQuery.java:243)
	org.apache.hadoop.hive.metastore.ObjectStore.getMDatabase(ObjectStore.java:540)
	org.apache.hadoop.hive.metastore.ObjectStore.convertToMTable(ObjectStore.java:1085)
	org.apache.hadoop.hive.metastore.ObjectStore.alterTable(ObjectStore.java:2754)
	sun.reflect.NativeMethodAccessorImpl.invoke0(Native Method)
	sun.reflect.NativeMethodAccessorImpl.invoke(NativeMethodAccessorImpl.java:62)
	sun.reflect.DelegatingMethodAccessorImpl.invoke(DelegatingMethodAccessorImpl.java:43)
	java.lang.reflect.Method.invoke(Method.java:498)
	org.apache.hadoop.hive.metastore.RawStoreProxy.invoke(RawStoreProxy.java:114)
	com.sun.proxy.$Proxy23.alterTable(Unknown Source)
	org.apache.hadoop.hive.metastore.HiveAlterHandler.alterTable(HiveAlterHandler.java:243)
	org.apache.hadoop.hive.metastore.HiveMetaStore$HMSHandler.alter_table_core(HiveMetaStore.java:3408)
	org.apache.hadoop.hive.metastore.HiveMetaStore$HMSHandler.alter_table_with_cascade(HiveMetaStore.java:3380)
	sun.reflect.NativeMethodAccessorImpl.invoke0(Native Method)
	sun.reflect.NativeMethodAccessorImpl.invoke(NativeMethodAccessorImpl.java:62)
	sun.reflect.DelegatingMethodAccessorImpl.invoke(DelegatingMethodAccessorImpl.java:43)
	java.lang.reflect.Method.invoke(Method.java:498)
	org.apache.hadoop.hive.metastore.RetryingHMSHandler.invoke(RetryingHMSHandler.java:107)
	com.sun.proxy.$Proxy25.alter_table_with_cascade(Unknown Source)
	org.apache.hadoop.hive.metastore.HiveMetaStoreClient.alter_table(HiveMetaStoreClient.java:340)
	org.apache.hadoop.hive.ql.metadata.SessionHiveMetaStoreClient.alter_table(SessionHiveMetaStoreClient.java:251)
	sun.reflect.NativeMethodAccessorImpl.invoke0(Native Method)
	sun.reflect.NativeMethodAccessorImpl.invoke(NativeMethodAccessorImpl.java:62)
	sun.reflect.DelegatingMethodAccessorImpl.invoke(DelegatingMethodAccessorImpl.java:43)
	java.lang.reflect.Method.invoke(Method.java:498)
	org.apache.hadoop.hive.metastore.RetryingMetaStoreClient.invoke(RetryingMetaStoreClient.java:156)
	com.sun.proxy.$Proxy26.alter_table(Unknown Source)
	org.apache.hadoop.hive.ql.metadata.Hive.alterTable(Hive.java:496)
	org.apache.hadoop.hive.ql.metadata.Hive.alterTable(Hive.java:484)
	org.apache.hadoop.hive.ql.metadata.Hive.loadTable(Hive.java:1668)
	sun.reflect.NativeMethodAccessorImpl.invoke0(Native Method)
	sun.reflect.NativeMethodAccessorImpl.invoke(NativeMethodAccessorImpl.java:62)
	sun.reflect.DelegatingMethodAccessorImpl.invoke(DelegatingMethodAccessorImpl.java:43)
	java.lang.reflect.Method.invoke(Method.java:498)
	org.apache.spark.sql.hive.client.Shim_v0_14.loadTable(HiveShim.scala:880)
	org.apache.spark.sql.hive.client.HiveClientImpl$$anonfun$loadTable$1.apply$mcV$sp(HiveClientImpl.scala:792)
	org.apache.spark.sql.hive.client.HiveClientImpl$$anonfun$loadTable$1.apply(HiveClientImpl.scala:792)
	org.apache.spark.sql.hive.client.HiveClientImpl$$anonfun$loadTable$1.apply(HiveClientImpl.scala:792)
	org.apache.spark.sql.hive.client.HiveClientImpl$$anonfun$withHiveState$1.apply(HiveClientImpl.scala:278)
	org.apache.spark.sql.hive.client.HiveClientImpl.liftedTree1$1(HiveClientImpl.scala:216)
	org.apache.spark.sql.hive.client.HiveClientImpl.retryLocked(HiveClientImpl.scala:215)
	org.apache.spark.sql.hive.client.HiveClientImpl.withHiveState(HiveClientImpl.scala:261)
	org.apache.spark.sql.hive.client.HiveClientImpl.loadTable(HiveClientImpl.scala:791)
	org.apache.spark.sql.hive.HiveExternalCatalog$$anonfun$loadTable$1.apply$mcV$sp(HiveExternalCatalog.scala:845)
	org.apache.spark.sql.hive.HiveExternalCatalog$$anonfun$loadTable$1.apply(HiveExternalCatalog.scala:843)
	org.apache.spark.sql.hive.HiveExternalCatalog$$anonfun$loadTable$1.apply(HiveExternalCatalog.scala:843)
	org.apache.spark.sql.hive.HiveExternalCatalog.withClient(HiveExternalCatalog.scala:97)
	org.apache.spark.sql.hive.HiveExternalCatalog.loadTable(HiveExternalCatalog.scala:843)
	org.apache.spark.sql.catalyst.catalog.ExternalCatalogWithListener.loadTable(ExternalCatalogWithListener.scala:159)
	org.apache.spark.sql.hive.execution.InsertIntoHiveTable.processInsert(InsertIntoHiveTable.scala:309)
	org.apache.spark.sql.hive.execution.InsertIntoHiveTable.run(InsertIntoHiveTable.scala:99)
	org.apache.spark.sql.execution.command.DataWritingCommandExec.sideEffectResult$lzycompute(commands.scala:104)
	org.apache.spark.sql.execution.command.DataWritingCommandExec.sideEffectResult(commands.scala:102)
	org.apache.spark.sql.execution.command.DataWritingCommandExec.doExecute(commands.scala:122)
	org.apache.spark.sql.execution.SparkPlan$$anonfun$execute$1.apply(SparkPlan.scala:136)
	org.apache.spark.sql.execution.SparkPlan$$anonfun$execute$1.apply(SparkPlan.scala:132)
	org.apache.spark.sql.execution.SparkPlan$$anonfun$executeQuery$1.apply(SparkPlan.scala:160)
	org.apache.spark.rdd.RDDOperationScope$.withScope(RDDOperationScope.scala:151)
	org.apache.spark.sql.execution.SparkPlan.executeQuery(SparkPlan.scala:157)
	org.apache.spark.sql.execution.SparkPlan.execute(SparkPlan.scala:132)
	org.apache.spark.sql.execution.QueryExecution.toRdd$lzycompute(QueryExecution.scala:83)
	org.apache.spark.sql.execution.QueryExecution.toRdd(QueryExecution.scala:81)
	org.apache.spark.sql.DataFrameWriter$$anonfun$runCommand$1.apply(DataFrameWriter.scala:696)
	org.apache.spark.sql.DataFrameWriter$$anonfun$runCommand$1.apply(DataFrameWriter.scala:696)
	org.apache.spark.sql.execution.SQLExecution$$anonfun$withNewExecutionId$1.apply(SQLExecution.scala:80)
	org.apache.spark.sql.execution.SQLExecution$.withSQLConfPropagated(SQLExecution.scala:127)
	org.apache.spark.sql.execution.SQLExecution$.withNewExecutionId(SQLExecution.scala:75)
	org.apache.spark.sql.DataFrameWriter.runCommand(DataFrameWriter.scala:696)
	org.apache.spark.sql.DataFrameWriter.insertInto(DataFrameWriter.scala:354)
	org.apache.spark.sql.DataFrameWriter.insertInto(DataFrameWriter.scala:340)
	kafkapack.ClickstreamConsumerStreaming$$anonfun$consumerKafka$1.apply(ClickstreamConsumerStreaming.scala:111)
	kafkapack.ClickstreamConsumerStreaming$$anonfun$consumerKafka$1.apply(ClickstreamConsumerStreaming.scala:92)
	org.apache.spark.streaming.dstream.DStream$$anonfun$foreachRDD$1$$anonfun$apply$mcV$sp$3.apply(DStream.scala:628)
	org.apache.spark.streaming.dstream.DStream$$anonfun$foreachRDD$1$$anonfun$apply$mcV$sp$3.apply(DStream.scala:628)
	org.apache.spark.streaming.dstream.ForEachDStream$$anonfun$1$$anonfun$apply$mcV$sp$1.apply$mcV$sp(ForEachDStream.scala:51)
	org.apache.spark.streaming.dstream.ForEachDStream$$anonfun$1$$anonfun$apply$mcV$sp$1.apply(ForEachDStream.scala:51)
	org.apache.spark.streaming.dstream.ForEachDStream$$anonfun$1$$anonfun$apply$mcV$sp$1.apply(ForEachDStream.scala:51)
	org.apache.spark.streaming.dstream.DStream.createRDDWithLocalProperties(DStream.scala:416)
	org.apache.spark.streaming.dstream.ForEachDStream$$anonfun$1.apply$mcV$sp(ForEachDStream.scala:50)
	org.apache.spark.streaming.dstream.ForEachDStream$$anonfun$1.apply(ForEachDStream.scala:50)
	org.apache.spark.streaming.dstream.ForEachDStream$$anonfun$1.apply(ForEachDStream.scala:50)
	scala.util.Try$.apply(Try.scala:192)
	org.apache.spark.streaming.scheduler.Job.run(Job.scala:39)
	org.apache.spark.streaming.scheduler.JobScheduler$JobHandler$$anonfun$run$1.apply$mcV$sp(JobScheduler.scala:257)
	org.apache.spark.streaming.scheduler.JobScheduler$JobHandler$$anonfun$run$1.apply(JobScheduler.scala:257)
	org.apache.spark.streaming.scheduler.JobScheduler$JobHandler$$anonfun$run$1.apply(JobScheduler.scala:257)
	scala.util.DynamicVariable.withValue(DynamicVariable.scala:58)
	org.apache.spark.streaming.scheduler.JobScheduler$JobHandler.run(JobScheduler.scala:256)
	java.util.concurrent.ThreadPoolExecutor.runWorker(ThreadPoolExecutor.java:1149)
	java.util.concurrent.ThreadPoolExecutor$Worker.run(ThreadPoolExecutor.java:624)
	java.lang.Thread.run(Thread.java:750)

Thread name=shuffle-server-7-2 id=282 priority=5 state=TIMED_WAITING isdaemon=true
	java.lang.Thread.sleep(Native Method)
	io.netty.util.concurrent.SingleThreadEventExecutor.confirmShutdown(SingleThreadEventExecutor.java:790)
	io.netty.channel.nio.NioEventLoop.run(NioEventLoop.java:525)
	io.netty.util.concurrent.SingleThreadEventExecutor$4.run(SingleThreadEventExecutor.java:989)
	io.netty.util.internal.ThreadExecutorMap$2.run(ThreadExecutorMap.java:74)
	io.netty.util.concurrent.FastThreadLocalRunnable.run(FastThreadLocalRunnable.java:30)
	java.lang.Thread.run(Thread.java:750)

Thread name=block-manager-slave-async-thread-pool-0 id=182 priority=5 state=TIMED_WAITING isdaemon=true
	sun.misc.Unsafe.park(Native Method)
	java.util.concurrent.locks.LockSupport.parkNanos(LockSupport.java:215)
	java.util.concurrent.locks.AbstractQueuedSynchronizer$ConditionObject.awaitNanos(AbstractQueuedSynchronizer.java:2078)
	java.util.concurrent.LinkedBlockingQueue.poll(LinkedBlockingQueue.java:467)
	java.util.concurrent.ThreadPoolExecutor.getTask(ThreadPoolExecutor.java:1073)
	java.util.concurrent.ThreadPoolExecutor.runWorker(ThreadPoolExecutor.java:1134)
	java.util.concurrent.ThreadPoolExecutor$Worker.run(ThreadPoolExecutor.java:624)
	java.lang.Thread.run(Thread.java:750)

Thread name=block-manager-ask-thread-pool-18 id=240 priority=5 state=TIMED_WAITING isdaemon=true
	sun.misc.Unsafe.park(Native Method)
	java.util.concurrent.locks.LockSupport.parkNanos(LockSupport.java:215)
	java.util.concurrent.locks.AbstractQueuedSynchronizer$ConditionObject.awaitNanos(AbstractQueuedSynchronizer.java:2078)
	java.util.concurrent.LinkedBlockingQueue.poll(LinkedBlockingQueue.java:467)
	java.util.concurrent.ThreadPoolExecutor.getTask(ThreadPoolExecutor.java:1073)
	java.util.concurrent.ThreadPoolExecutor.runWorker(ThreadPoolExecutor.java:1134)
	java.util.concurrent.ThreadPoolExecutor$Worker.run(ThreadPoolExecutor.java:624)
	java.lang.Thread.run(Thread.java:750)

Thread name=block-manager-ask-thread-pool-5 id=203 priority=5 state=TIMED_WAITING isdaemon=true
	sun.misc.Unsafe.park(Native Method)
	java.util.concurrent.locks.LockSupport.parkNanos(LockSupport.java:215)
	java.util.concurrent.locks.AbstractQueuedSynchronizer$ConditionObject.awaitNanos(AbstractQueuedSynchronizer.java:2078)
	java.util.concurrent.LinkedBlockingQueue.poll(LinkedBlockingQueue.java:467)
	java.util.concurrent.ThreadPoolExecutor.getTask(ThreadPoolExecutor.java:1073)
	java.util.concurrent.ThreadPoolExecutor.runWorker(ThreadPoolExecutor.java:1134)
	java.util.concurrent.ThreadPoolExecutor$Worker.run(ThreadPoolExecutor.java:624)
	java.lang.Thread.run(Thread.java:750)

Thread name=BoneCP-keep-alive-scheduler id=161 priority=5 state=TIMED_WAITING isdaemon=true
	sun.misc.Unsafe.park(Native Method)
	java.util.concurrent.locks.LockSupport.parkNanos(LockSupport.java:215)
	java.util.concurrent.locks.AbstractQueuedSynchronizer$ConditionObject.awaitNanos(AbstractQueuedSynchronizer.java:2078)
	java.util.concurrent.ScheduledThreadPoolExecutor$DelayedWorkQueue.take(ScheduledThreadPoolExecutor.java:1093)
	java.util.concurrent.ScheduledThreadPoolExecutor$DelayedWorkQueue.take(ScheduledThreadPoolExecutor.java:809)
	java.util.concurrent.ThreadPoolExecutor.getTask(ThreadPoolExecutor.java:1074)
	java.util.concurrent.ThreadPoolExecutor.runWorker(ThreadPoolExecutor.java:1134)
	java.util.concurrent.ThreadPoolExecutor$Worker.run(ThreadPoolExecutor.java:624)
	java.lang.Thread.run(Thread.java:750)

Thread name=block-manager-ask-thread-pool-29 id=270 priority=5 state=TIMED_WAITING isdaemon=true
	sun.misc.Unsafe.park(Native Method)
	java.util.concurrent.locks.LockSupport.parkNanos(LockSupport.java:215)
	java.util.concurrent.locks.AbstractQueuedSynchronizer$ConditionObject.awaitNanos(AbstractQueuedSynchronizer.java:2078)
	java.util.concurrent.LinkedBlockingQueue.poll(LinkedBlockingQueue.java:467)
	java.util.concurrent.ThreadPoolExecutor.getTask(ThreadPoolExecutor.java:1073)
	java.util.concurrent.ThreadPoolExecutor.runWorker(ThreadPoolExecutor.java:1134)
	java.util.concurrent.ThreadPoolExecutor$Worker.run(ThreadPoolExecutor.java:624)
	java.lang.Thread.run(Thread.java:750)

Thread name=block-manager-ask-thread-pool-11 id=215 priority=5 state=TIMED_WAITING isdaemon=true
	sun.misc.Unsafe.park(Native Method)
	java.util.concurrent.locks.LockSupport.parkNanos(LockSupport.java:215)
	java.util.concurrent.locks.AbstractQueuedSynchronizer$ConditionObject.awaitNanos(AbstractQueuedSynchronizer.java:2078)
	java.util.concurrent.LinkedBlockingQueue.poll(LinkedBlockingQueue.java:467)
	java.util.concurrent.ThreadPoolExecutor.getTask(ThreadPoolExecutor.java:1073)
	java.util.concurrent.ThreadPoolExecutor.runWorker(ThreadPoolExecutor.java:1134)
	java.util.concurrent.ThreadPoolExecutor$Worker.run(ThreadPoolExecutor.java:624)
	java.lang.Thread.run(Thread.java:750)

Thread name=Timer-2 id=155 priority=5 state=WAITING isdaemon=true
	java.lang.Object.wait(Native Method)
	java.lang.Object.wait(Object.java:502)
	java.util.TimerThread.mainLoop(Timer.java:526)
	java.util.TimerThread.run(Timer.java:505)

Thread name=block-manager-ask-thread-pool-27 id=268 priority=5 state=TIMED_WAITING isdaemon=true
	sun.misc.Unsafe.park(Native Method)
	java.util.concurrent.locks.LockSupport.parkNanos(LockSupport.java:215)
	java.util.concurrent.locks.AbstractQueuedSynchronizer$ConditionObject.awaitNanos(AbstractQueuedSynchronizer.java:2078)
	java.util.concurrent.LinkedBlockingQueue.poll(LinkedBlockingQueue.java:467)
	java.util.concurrent.ThreadPoolExecutor.getTask(ThreadPoolExecutor.java:1073)
	java.util.concurrent.ThreadPoolExecutor.runWorker(ThreadPoolExecutor.java:1134)
	java.util.concurrent.ThreadPoolExecutor$Worker.run(ThreadPoolExecutor.java:624)
	java.lang.Thread.run(Thread.java:750)

Thread name=block-manager-slave-async-thread-pool-9 id=209 priority=5 state=TIMED_WAITING isdaemon=true
	sun.misc.Unsafe.park(Native Method)
	java.util.concurrent.locks.LockSupport.parkNanos(LockSupport.java:215)
	java.util.concurrent.locks.AbstractQueuedSynchronizer$ConditionObject.awaitNanos(AbstractQueuedSynchronizer.java:2078)
	java.util.concurrent.LinkedBlockingQueue.poll(LinkedBlockingQueue.java:467)
	java.util.concurrent.ThreadPoolExecutor.getTask(ThreadPoolExecutor.java:1073)
	java.util.concurrent.ThreadPoolExecutor.runWorker(ThreadPoolExecutor.java:1134)
	java.util.concurrent.ThreadPoolExecutor$Worker.run(ThreadPoolExecutor.java:624)
	java.lang.Thread.run(Thread.java:750)

Thread name=shuffle-server-7-6 id=286 priority=5 state=TIMED_WAITING isdaemon=true
	java.lang.Thread.sleep(Native Method)
	io.netty.util.concurrent.SingleThreadEventExecutor.confirmShutdown(SingleThreadEventExecutor.java:790)
	io.netty.channel.nio.NioEventLoop.run(NioEventLoop.java:525)
	io.netty.util.concurrent.SingleThreadEventExecutor$4.run(SingleThreadEventExecutor.java:989)
	io.netty.util.internal.ThreadExecutorMap$2.run(ThreadExecutorMap.java:74)
	io.netty.util.concurrent.FastThreadLocalRunnable.run(FastThreadLocalRunnable.java:30)
	java.lang.Thread.run(Thread.java:750)

Thread name=pool-1-thread-4 id=15 priority=5 state=WAITING isdaemon=false
	sun.misc.Unsafe.park(Native Method)
	java.util.concurrent.locks.LockSupport.park(LockSupport.java:175)
	java.util.concurrent.locks.AbstractQueuedSynchronizer$ConditionObject.await(AbstractQueuedSynchronizer.java:2039)
	java.util.concurrent.LinkedBlockingQueue.take(LinkedBlockingQueue.java:442)
	java.util.concurrent.ThreadPoolExecutor.getTask(ThreadPoolExecutor.java:1074)
	java.util.concurrent.ThreadPoolExecutor.runWorker(ThreadPoolExecutor.java:1134)
	java.util.concurrent.ThreadPoolExecutor$Worker.run(ThreadPoolExecutor.java:624)
	java.lang.Thread.run(Thread.java:750)

Thread name=block-manager-slave-async-thread-pool-24 id=258 priority=5 state=TIMED_WAITING isdaemon=true
	sun.misc.Unsafe.park(Native Method)
	java.util.concurrent.locks.LockSupport.parkNanos(LockSupport.java:215)
	java.util.concurrent.locks.AbstractQueuedSynchronizer$ConditionObject.awaitNanos(AbstractQueuedSynchronizer.java:2078)
	java.util.concurrent.LinkedBlockingQueue.poll(LinkedBlockingQueue.java:467)
	java.util.concurrent.ThreadPoolExecutor.getTask(ThreadPoolExecutor.java:1073)
	java.util.concurrent.ThreadPoolExecutor.runWorker(ThreadPoolExecutor.java:1134)
	java.util.concurrent.ThreadPoolExecutor$Worker.run(ThreadPoolExecutor.java:624)
	java.lang.Thread.run(Thread.java:750)

Thread name=block-manager-slave-async-thread-pool-8 id=208 priority=5 state=TIMED_WAITING isdaemon=true
	sun.misc.Unsafe.park(Native Method)
	java.util.concurrent.locks.LockSupport.parkNanos(LockSupport.java:215)
	java.util.concurrent.locks.AbstractQueuedSynchronizer$ConditionObject.awaitNanos(AbstractQueuedSynchronizer.java:2078)
	java.util.concurrent.LinkedBlockingQueue.poll(LinkedBlockingQueue.java:467)
	java.util.concurrent.ThreadPoolExecutor.getTask(ThreadPoolExecutor.java:1073)
	java.util.concurrent.ThreadPoolExecutor.runWorker(ThreadPoolExecutor.java:1134)
	java.util.concurrent.ThreadPoolExecutor$Worker.run(ThreadPoolExecutor.java:624)
	java.lang.Thread.run(Thread.java:750)

Thread name=block-manager-ask-thread-pool-25 id=263 priority=5 state=TIMED_WAITING isdaemon=true
	sun.misc.Unsafe.park(Native Method)
	java.util.concurrent.locks.LockSupport.parkNanos(LockSupport.java:215)
	java.util.concurrent.locks.AbstractQueuedSynchronizer$ConditionObject.awaitNanos(AbstractQueuedSynchronizer.java:2078)
	java.util.concurrent.LinkedBlockingQueue.poll(LinkedBlockingQueue.java:467)
	java.util.concurrent.ThreadPoolExecutor.getTask(ThreadPoolExecutor.java:1073)
	java.util.concurrent.ThreadPoolExecutor.runWorker(ThreadPoolExecutor.java:1134)
	java.util.concurrent.ThreadPoolExecutor$Worker.run(ThreadPoolExecutor.java:624)
	java.lang.Thread.run(Thread.java:750)

Thread name=block-manager-ask-thread-pool-13 id=229 priority=5 state=TIMED_WAITING isdaemon=true
	sun.misc.Unsafe.park(Native Method)
	java.util.concurrent.locks.LockSupport.parkNanos(LockSupport.java:215)
	java.util.concurrent.locks.AbstractQueuedSynchronizer$ConditionObject.awaitNanos(AbstractQueuedSynchronizer.java:2078)
	java.util.concurrent.LinkedBlockingQueue.poll(LinkedBlockingQueue.java:467)
	java.util.concurrent.ThreadPoolExecutor.getTask(ThreadPoolExecutor.java:1073)
	java.util.concurrent.ThreadPoolExecutor.runWorker(ThreadPoolExecutor.java:1134)
	java.util.concurrent.ThreadPoolExecutor$Worker.run(ThreadPoolExecutor.java:624)
	java.lang.Thread.run(Thread.java:750)

Thread name=block-manager-ask-thread-pool-20 id=242 priority=5 state=TIMED_WAITING isdaemon=true
	sun.misc.Unsafe.park(Native Method)
	java.util.concurrent.locks.LockSupport.parkNanos(LockSupport.java:215)
	java.util.concurrent.locks.AbstractQueuedSynchronizer$ConditionObject.awaitNanos(AbstractQueuedSynchronizer.java:2078)
	java.util.concurrent.LinkedBlockingQueue.poll(LinkedBlockingQueue.java:467)
	java.util.concurrent.ThreadPoolExecutor.getTask(ThreadPoolExecutor.java:1073)
	java.util.concurrent.ThreadPoolExecutor.runWorker(ThreadPoolExecutor.java:1134)
	java.util.concurrent.ThreadPoolExecutor$Worker.run(ThreadPoolExecutor.java:624)
	java.lang.Thread.run(Thread.java:750)

Thread name=pool-1-thread-3 id=14 priority=5 state=WAITING isdaemon=false
	sun.misc.Unsafe.park(Native Method)
	java.util.concurrent.locks.LockSupport.park(LockSupport.java:175)
	java.util.concurrent.locks.AbstractQueuedSynchronizer$ConditionObject.await(AbstractQueuedSynchronizer.java:2039)
	java.util.concurrent.LinkedBlockingQueue.take(LinkedBlockingQueue.java:442)
	java.util.concurrent.ThreadPoolExecutor.getTask(ThreadPoolExecutor.java:1074)
	java.util.concurrent.ThreadPoolExecutor.runWorker(ThreadPoolExecutor.java:1134)
	java.util.concurrent.ThreadPoolExecutor$Worker.run(ThreadPoolExecutor.java:624)
	java.lang.Thread.run(Thread.java:750)

Thread name=block-manager-slave-async-thread-pool-1 id=183 priority=5 state=TIMED_WAITING isdaemon=true
	sun.misc.Unsafe.park(Native Method)
	java.util.concurrent.locks.LockSupport.parkNanos(LockSupport.java:215)
	java.util.concurrent.locks.AbstractQueuedSynchronizer$ConditionObject.awaitNanos(AbstractQueuedSynchronizer.java:2078)
	java.util.concurrent.LinkedBlockingQueue.poll(LinkedBlockingQueue.java:467)
	java.util.concurrent.ThreadPoolExecutor.getTask(ThreadPoolExecutor.java:1073)
	java.util.concurrent.ThreadPoolExecutor.runWorker(ThreadPoolExecutor.java:1134)
	java.util.concurrent.ThreadPoolExecutor$Worker.run(ThreadPoolExecutor.java:624)
	java.lang.Thread.run(Thread.java:750)

Thread name=dispatcher-event-loop-0 id=114 priority=5 state=WAITING isdaemon=true
	sun.misc.Unsafe.park(Native Method)
	java.util.concurrent.locks.LockSupport.park(LockSupport.java:175)
	java.util.concurrent.locks.AbstractQueuedSynchronizer$ConditionObject.await(AbstractQueuedSynchronizer.java:2039)
	java.util.concurrent.LinkedBlockingQueue.take(LinkedBlockingQueue.java:442)
	org.apache.spark.rpc.netty.Dispatcher$MessageLoop.run(Dispatcher.scala:215)
	java.util.concurrent.ThreadPoolExecutor.runWorker(ThreadPoolExecutor.java:1149)
	java.util.concurrent.ThreadPoolExecutor$Worker.run(ThreadPoolExecutor.java:624)
	java.lang.Thread.run(Thread.java:750)

Thread name=shuffle-client-5-3 id=291 priority=5 state=TIMED_WAITING isdaemon=true

Thread name=main id=1 priority=5 state=WAITING isdaemon=false
	java.lang.Object.wait(Native Method)
	java.lang.Thread.join(Thread.java:1257)
	java.lang.Thread.join(Thread.java:1331)
	java.lang.ApplicationShutdownHooks.runHooks(ApplicationShutdownHooks.java:107)
	java.lang.ApplicationShutdownHooks$1.run(ApplicationShutdownHooks.java:46)
	java.lang.Shutdown.runHooks(Shutdown.java:123)
	java.lang.Shutdown.sequence(Shutdown.java:170)
	java.lang.Shutdown.exit(Shutdown.java:216)
	java.lang.Runtime.exit(Runtime.java:109)
	java.lang.System.exit(System.java:971)
	xsbt.boot.Boot$.exit(Boot.scala:96)
	xsbt.boot.Boot$.$anonfun$runImpl$1(Boot.scala:78)
	xsbt.boot.Boot$.$anonfun$runImpl$1$adapted(Boot.scala:78)
	xsbt.boot.Boot$$$Lambda$4348/1824379333.apply(Unknown Source)
	scala.Option.map(Option.scala:242)
	xsbt.boot.Boot$.runImpl(Boot.scala:78)
	xsbt.boot.Boot$.run(Boot.scala:73)
	xsbt.boot.Boot$.main(Boot.scala:21)
	xsbt.boot.Boot.main(Boot.scala)

Thread name=block-manager-slave-async-thread-pool-10 id=210 priority=5 state=TIMED_WAITING isdaemon=true
	sun.misc.Unsafe.park(Native Method)
	java.util.concurrent.locks.LockSupport.parkNanos(LockSupport.java:215)
	java.util.concurrent.locks.AbstractQueuedSynchronizer$ConditionObject.awaitNanos(AbstractQueuedSynchronizer.java:2078)
	java.util.concurrent.LinkedBlockingQueue.poll(LinkedBlockingQueue.java:467)
	java.util.concurrent.ThreadPoolExecutor.getTask(ThreadPoolExecutor.java:1073)
	java.util.concurrent.ThreadPoolExecutor.runWorker(ThreadPoolExecutor.java:1134)
	java.util.concurrent.ThreadPoolExecutor$Worker.run(ThreadPoolExecutor.java:624)
	java.lang.Thread.run(Thread.java:750)

Thread name=block-manager-ask-thread-pool-15 id=234 priority=5 state=TIMED_WAITING isdaemon=true
	sun.misc.Unsafe.park(Native Method)
	java.util.concurrent.locks.LockSupport.parkNanos(LockSupport.java:215)
	java.util.concurrent.locks.AbstractQueuedSynchronizer$ConditionObject.awaitNanos(AbstractQueuedSynchronizer.java:2078)
	java.util.concurrent.LinkedBlockingQueue.poll(LinkedBlockingQueue.java:467)
	java.util.concurrent.ThreadPoolExecutor.getTask(ThreadPoolExecutor.java:1073)
	java.util.concurrent.ThreadPoolExecutor.runWorker(ThreadPoolExecutor.java:1134)
	java.util.concurrent.ThreadPoolExecutor$Worker.run(ThreadPoolExecutor.java:624)
	java.lang.Thread.run(Thread.java:750)

Thread name=pool-1-thread-1 id=11 priority=5 state=WAITING isdaemon=false
	sun.misc.Unsafe.park(Native Method)
	java.util.concurrent.locks.LockSupport.park(LockSupport.java:175)
	java.util.concurrent.locks.AbstractQueuedSynchronizer$ConditionObject.await(AbstractQueuedSynchronizer.java:2039)
	java.util.concurrent.LinkedBlockingQueue.take(LinkedBlockingQueue.java:442)
	java.util.concurrent.ThreadPoolExecutor.getTask(ThreadPoolExecutor.java:1074)
	java.util.concurrent.ThreadPoolExecutor.runWorker(ThreadPoolExecutor.java:1134)
	java.util.concurrent.ThreadPoolExecutor$Worker.run(ThreadPoolExecutor.java:624)
	java.lang.Thread.run(Thread.java:750)

Thread name=block-manager-slave-async-thread-pool-5 id=201 priority=5 state=TIMED_WAITING isdaemon=true
	sun.misc.Unsafe.park(Native Method)
	java.util.concurrent.locks.LockSupport.parkNanos(LockSupport.java:215)
	java.util.concurrent.locks.AbstractQueuedSynchronizer$ConditionObject.awaitNanos(AbstractQueuedSynchronizer.java:2078)
	java.util.concurrent.LinkedBlockingQueue.poll(LinkedBlockingQueue.java:467)
	java.util.concurrent.ThreadPoolExecutor.getTask(ThreadPoolExecutor.java:1073)
	java.util.concurrent.ThreadPoolExecutor.runWorker(ThreadPoolExecutor.java:1134)
	java.util.concurrent.ThreadPoolExecutor$Worker.run(ThreadPoolExecutor.java:624)
	java.lang.Thread.run(Thread.java:750)

Thread name=block-manager-ask-thread-pool-23 id=260 priority=5 state=TIMED_WAITING isdaemon=true
	sun.misc.Unsafe.park(Native Method)
	java.util.concurrent.locks.LockSupport.parkNanos(LockSupport.java:215)
	java.util.concurrent.locks.AbstractQueuedSynchronizer$ConditionObject.awaitNanos(AbstractQueuedSynchronizer.java:2078)
	java.util.concurrent.LinkedBlockingQueue.poll(LinkedBlockingQueue.java:467)
	java.util.concurrent.ThreadPoolExecutor.getTask(ThreadPoolExecutor.java:1073)
	java.util.concurrent.ThreadPoolExecutor.runWorker(ThreadPoolExecutor.java:1134)
	java.util.concurrent.ThreadPoolExecutor$Worker.run(ThreadPoolExecutor.java:624)
	java.lang.Thread.run(Thread.java:750)

Thread name=Signal Dispatcher id=4 priority=9 state=RUNNABLE isdaemon=true

Thread name=block-manager-ask-thread-pool-6 id=204 priority=5 state=TIMED_WAITING isdaemon=true
	sun.misc.Unsafe.park(Native Method)
	java.util.concurrent.locks.LockSupport.parkNanos(LockSupport.java:215)
	java.util.concurrent.locks.AbstractQueuedSynchronizer$ConditionObject.awaitNanos(AbstractQueuedSynchronizer.java:2078)
	java.util.concurrent.LinkedBlockingQueue.poll(LinkedBlockingQueue.java:467)
	java.util.concurrent.ThreadPoolExecutor.getTask(ThreadPoolExecutor.java:1073)
	java.util.concurrent.ThreadPoolExecutor.runWorker(ThreadPoolExecutor.java:1134)
	java.util.concurrent.ThreadPoolExecutor$Worker.run(ThreadPoolExecutor.java:624)
	java.lang.Thread.run(Thread.java:750)

Thread name=shuffle-server-7-7 id=287 priority=5 state=TIMED_WAITING isdaemon=true
	java.lang.Thread.sleep(Native Method)
	io.netty.util.concurrent.SingleThreadEventExecutor.confirmShutdown(SingleThreadEventExecutor.java:790)
	io.netty.channel.nio.NioEventLoop.run(NioEventLoop.java:525)
	io.netty.util.concurrent.SingleThreadEventExecutor$4.run(SingleThreadEventExecutor.java:989)
	io.netty.util.internal.ThreadExecutorMap$2.run(ThreadExecutorMap.java:74)
	io.netty.util.concurrent.FastThreadLocalRunnable.run(FastThreadLocalRunnable.java:30)
	java.lang.Thread.run(Thread.java:750)

Thread name=block-manager-slave-async-thread-pool-7 id=207 priority=5 state=TIMED_WAITING isdaemon=true
	sun.misc.Unsafe.park(Native Method)
	java.util.concurrent.locks.LockSupport.parkNanos(LockSupport.java:215)
	java.util.concurrent.locks.AbstractQueuedSynchronizer$ConditionObject.awaitNanos(AbstractQueuedSynchronizer.java:2078)
	java.util.concurrent.LinkedBlockingQueue.poll(LinkedBlockingQueue.java:467)
	java.util.concurrent.ThreadPoolExecutor.getTask(ThreadPoolExecutor.java:1073)
	java.util.concurrent.ThreadPoolExecutor.runWorker(ThreadPoolExecutor.java:1134)
	java.util.concurrent.ThreadPoolExecutor$Worker.run(ThreadPoolExecutor.java:624)
	java.lang.Thread.run(Thread.java:750)

Thread name=shuffle-boss-6-1 id=148 priority=5 state=TIMED_WAITING isdaemon=true
	java.lang.Thread.sleep(Native Method)
	io.netty.util.concurrent.SingleThreadEventExecutor.confirmShutdown(SingleThreadEventExecutor.java:790)
	io.netty.channel.nio.NioEventLoop.run(NioEventLoop.java:525)
	io.netty.util.concurrent.SingleThreadEventExecutor$4.run(SingleThreadEventExecutor.java:989)
	io.netty.util.internal.ThreadExecutorMap$2.run(ThreadExecutorMap.java:74)
	io.netty.util.concurrent.FastThreadLocalRunnable.run(FastThreadLocalRunnable.java:30)
	java.lang.Thread.run(Thread.java:750)

Thread name=dispatcher-event-loop-3 id=117 priority=5 state=WAITING isdaemon=true
	sun.misc.Unsafe.park(Native Method)
	java.util.concurrent.locks.LockSupport.park(LockSupport.java:175)
	java.util.concurrent.locks.AbstractQueuedSynchronizer$ConditionObject.await(AbstractQueuedSynchronizer.java:2039)
	java.util.concurrent.LinkedBlockingQueue.take(LinkedBlockingQueue.java:442)
	org.apache.spark.rpc.netty.Dispatcher$MessageLoop.run(Dispatcher.scala:215)
	java.util.concurrent.ThreadPoolExecutor.runWorker(ThreadPoolExecutor.java:1149)
	java.util.concurrent.ThreadPoolExecutor$Worker.run(ThreadPoolExecutor.java:624)
	java.lang.Thread.run(Thread.java:750)

Thread name=block-manager-ask-thread-pool-16 id=237 priority=5 state=TIMED_WAITING isdaemon=true
	sun.misc.Unsafe.park(Native Method)
	java.util.concurrent.locks.LockSupport.parkNanos(LockSupport.java:215)
	java.util.concurrent.locks.AbstractQueuedSynchronizer$ConditionObject.awaitNanos(AbstractQueuedSynchronizer.java:2078)
	java.util.concurrent.LinkedBlockingQueue.poll(LinkedBlockingQueue.java:467)
	java.util.concurrent.ThreadPoolExecutor.getTask(ThreadPoolExecutor.java:1073)
	java.util.concurrent.ThreadPoolExecutor.runWorker(ThreadPoolExecutor.java:1134)
	java.util.concurrent.ThreadPoolExecutor$Worker.run(ThreadPoolExecutor.java:624)
	java.lang.Thread.run(Thread.java:750)

Thread name=block-manager-slave-async-thread-pool-25 id=259 priority=5 state=TIMED_WAITING isdaemon=true
	sun.misc.Unsafe.park(Native Method)
	java.util.concurrent.locks.LockSupport.parkNanos(LockSupport.java:215)
	java.util.concurrent.locks.AbstractQueuedSynchronizer$ConditionObject.awaitNanos(AbstractQueuedSynchronizer.java:2078)
	java.util.concurrent.LinkedBlockingQueue.poll(LinkedBlockingQueue.java:467)
	java.util.concurrent.ThreadPoolExecutor.getTask(ThreadPoolExecutor.java:1073)
	java.util.concurrent.ThreadPoolExecutor.runWorker(ThreadPoolExecutor.java:1134)
	java.util.concurrent.ThreadPoolExecutor$Worker.run(ThreadPoolExecutor.java:624)
	java.lang.Thread.run(Thread.java:750)

Thread name=block-manager-slave-async-thread-pool-11 id=211 priority=5 state=TIMED_WAITING isdaemon=true
	sun.misc.Unsafe.park(Native Method)
	java.util.concurrent.locks.LockSupport.parkNanos(LockSupport.java:215)
	java.util.concurrent.locks.AbstractQueuedSynchronizer$ConditionObject.awaitNanos(AbstractQueuedSynchronizer.java:2078)
	java.util.concurrent.LinkedBlockingQueue.poll(LinkedBlockingQueue.java:467)
	java.util.concurrent.ThreadPoolExecutor.getTask(ThreadPoolExecutor.java:1073)
	java.util.concurrent.ThreadPoolExecutor.runWorker(ThreadPoolExecutor.java:1134)
	java.util.concurrent.ThreadPoolExecutor$Worker.run(ThreadPoolExecutor.java:624)
	java.lang.Thread.run(Thread.java:750)

Thread name=scala-execution-context-global-28 id=28 priority=5 state=WAITING isdaemon=true
	sun.misc.Unsafe.park(Native Method)
	java.util.concurrent.ForkJoinPool.awaitWork(ForkJoinPool.java:1835)
	java.util.concurrent.ForkJoinPool.runWorker(ForkJoinPool.java:1704)
	java.util.concurrent.ForkJoinWorkerThread.run(ForkJoinWorkerThread.java:172)

Thread name=block-manager-slave-async-thread-pool-13 id=227 priority=5 state=TIMED_WAITING isdaemon=true
	sun.misc.Unsafe.park(Native Method)
	java.util.concurrent.locks.LockSupport.parkNanos(LockSupport.java:215)
	java.util.concurrent.locks.AbstractQueuedSynchronizer$ConditionObject.awaitNanos(AbstractQueuedSynchronizer.java:2078)
	java.util.concurrent.LinkedBlockingQueue.poll(LinkedBlockingQueue.java:467)
	java.util.concurrent.ThreadPoolExecutor.getTask(ThreadPoolExecutor.java:1073)
	java.util.concurrent.ThreadPoolExecutor.runWorker(ThreadPoolExecutor.java:1134)
	java.util.concurrent.ThreadPoolExecutor$Worker.run(ThreadPoolExecutor.java:624)
	java.lang.Thread.run(Thread.java:750)

Thread name=Thread-6 id=131 priority=5 state=RUNNABLE isdaemon=false
	java.lang.Thread.setPriority0(Native Method)
	java.lang.Thread.setPriority(Thread.java:1100)
	java.lang.Thread.init(Thread.java:419)
	java.lang.Thread.init(Thread.java:351)
	java.lang.Thread.<init>(Thread.java:601)
	io.netty.util.concurrent.FastThreadLocalThread.<init>(FastThreadLocalThread.java:60)
	io.netty.util.concurrent.DefaultThreadFactory.newThread(DefaultThreadFactory.java:122)
	io.netty.util.concurrent.DefaultThreadFactory.newThread(DefaultThreadFactory.java:106)
	io.netty.util.concurrent.ThreadPerTaskExecutor.execute(ThreadPerTaskExecutor.java:32)
	io.netty.util.internal.ThreadExecutorMap$1.execute(ThreadExecutorMap.java:57)
	io.netty.util.concurrent.SingleThreadEventExecutor.doStartThread(SingleThreadEventExecutor.java:978)
	io.netty.util.concurrent.SingleThreadEventExecutor.ensureThreadStarted(SingleThreadEventExecutor.java:961)
	io.netty.util.concurrent.SingleThreadEventExecutor.shutdownGracefully(SingleThreadEventExecutor.java:663)
	io.netty.util.concurrent.MultithreadEventExecutorGroup.shutdownGracefully(MultithreadEventExecutorGroup.java:163)
	io.netty.util.concurrent.AbstractEventExecutorGroup.shutdownGracefully(AbstractEventExecutorGroup.java:70)
	org.apache.spark.network.client.TransportClientFactory.close(TransportClientFactory.java:289)
	org.apache.spark.network.netty.NettyBlockTransferService.close(NettyBlockTransferService.scala:183)
	org.apache.spark.storage.BlockManager.stop(BlockManager.scala:1623)
	org.apache.spark.SparkEnv.stop(SparkEnv.scala:90)
	org.apache.spark.SparkContext$$anonfun$stop$11.apply$mcV$sp(SparkContext.scala:1974)
	org.apache.spark.util.Utils$.tryLogNonFatalError(Utils.scala:1340)
	org.apache.spark.SparkContext.stop(SparkContext.scala:1973)
	org.apache.spark.SparkContext$$anonfun$2.apply$mcV$sp(SparkContext.scala:575)
	org.apache.spark.util.SparkShutdownHook.run(ShutdownHookManager.scala:214)
	org.apache.spark.util.SparkShutdownHookManager$$anonfun$runAll$1$$anonfun$apply$mcV$sp$1.apply$mcV$sp(ShutdownHookManager.scala:188)
	org.apache.spark.util.SparkShutdownHookManager$$anonfun$runAll$1$$anonfun$apply$mcV$sp$1.apply(ShutdownHookManager.scala:188)
	org.apache.spark.util.SparkShutdownHookManager$$anonfun$runAll$1$$anonfun$apply$mcV$sp$1.apply(ShutdownHookManager.scala:188)
	org.apache.spark.util.Utils$.logUncaughtExceptions(Utils.scala:1945)
	org.apache.spark.util.SparkShutdownHookManager$$anonfun$runAll$1.apply$mcV$sp(ShutdownHookManager.scala:188)
	org.apache.spark.util.SparkShutdownHookManager$$anonfun$runAll$1.apply(ShutdownHookManager.scala:188)
	org.apache.spark.util.SparkShutdownHookManager$$anonfun$runAll$1.apply(ShutdownHookManager.scala:188)
	scala.util.Try$.apply(Try.scala:192)
	org.apache.spark.util.SparkShutdownHookManager.runAll(ShutdownHookManager.scala:188)
	org.apache.spark.util.SparkShutdownHookManager$$anon$2.run(ShutdownHookManager.scala:178)
	org.apache.hadoop.util.ShutdownHookManager$1.run(ShutdownHookManager.java:54)

Thread name=block-manager-ask-thread-pool-17 id=239 priority=5 state=TIMED_WAITING isdaemon=true
	sun.misc.Unsafe.park(Native Method)
	java.util.concurrent.locks.LockSupport.parkNanos(LockSupport.java:215)
	java.util.concurrent.locks.AbstractQueuedSynchronizer$ConditionObject.awaitNanos(AbstractQueuedSynchronizer.java:2078)
	java.util.concurrent.LinkedBlockingQueue.poll(LinkedBlockingQueue.java:467)
	java.util.concurrent.ThreadPoolExecutor.getTask(ThreadPoolExecutor.java:1073)
	java.util.concurrent.ThreadPoolExecutor.runWorker(ThreadPoolExecutor.java:1134)
	java.util.concurrent.ThreadPoolExecutor$Worker.run(ThreadPoolExecutor.java:624)
	java.lang.Thread.run(Thread.java:750)

Thread name=dispatcher-event-loop-7 id=121 priority=5 state=WAITING isdaemon=true
	sun.misc.Unsafe.park(Native Method)
	java.util.concurrent.locks.LockSupport.park(LockSupport.java:175)
	java.util.concurrent.locks.AbstractQueuedSynchronizer$ConditionObject.await(AbstractQueuedSynchronizer.java:2039)
	java.util.concurrent.LinkedBlockingQueue.take(LinkedBlockingQueue.java:442)
	org.apache.spark.rpc.netty.Dispatcher$MessageLoop.run(Dispatcher.scala:215)
	java.util.concurrent.ThreadPoolExecutor.runWorker(ThreadPoolExecutor.java:1149)
	java.util.concurrent.ThreadPoolExecutor$Worker.run(ThreadPoolExecutor.java:624)
	java.lang.Thread.run(Thread.java:750)

Thread name=block-manager-slave-async-thread-pool-22 id=255 priority=5 state=TIMED_WAITING isdaemon=true
	sun.misc.Unsafe.park(Native Method)
	java.util.concurrent.locks.LockSupport.parkNanos(LockSupport.java:215)
	java.util.concurrent.locks.AbstractQueuedSynchronizer$ConditionObject.awaitNanos(AbstractQueuedSynchronizer.java:2078)
	java.util.concurrent.LinkedBlockingQueue.poll(LinkedBlockingQueue.java:467)
	java.util.concurrent.ThreadPoolExecutor.getTask(ThreadPoolExecutor.java:1073)
	java.util.concurrent.ThreadPoolExecutor.runWorker(ThreadPoolExecutor.java:1134)
	java.util.concurrent.ThreadPoolExecutor$Worker.run(ThreadPoolExecutor.java:624)
	java.lang.Thread.run(Thread.java:750)

Thread name=dispatcher-event-loop-5 id=119 priority=5 state=WAITING isdaemon=true
	sun.misc.Unsafe.park(Native Method)
	java.util.concurrent.locks.LockSupport.park(LockSupport.java:175)
	java.util.concurrent.locks.AbstractQueuedSynchronizer$ConditionObject.await(AbstractQueuedSynchronizer.java:2039)
	java.util.concurrent.LinkedBlockingQueue.take(LinkedBlockingQueue.java:442)
	org.apache.spark.rpc.netty.Dispatcher$MessageLoop.run(Dispatcher.scala:215)
	java.util.concurrent.ThreadPoolExecutor.runWorker(ThreadPoolExecutor.java:1149)
	java.util.concurrent.ThreadPoolExecutor$Worker.run(ThreadPoolExecutor.java:624)
	java.lang.Thread.run(Thread.java:750)

Thread name=dispatcher-event-loop-2 id=116 priority=5 state=WAITING isdaemon=true
	sun.misc.Unsafe.park(Native Method)
	java.util.concurrent.locks.LockSupport.park(LockSupport.java:175)
	java.util.concurrent.locks.AbstractQueuedSynchronizer$ConditionObject.await(AbstractQueuedSynchronizer.java:2039)
	java.util.concurrent.LinkedBlockingQueue.take(LinkedBlockingQueue.java:442)
	org.apache.spark.rpc.netty.Dispatcher$MessageLoop.run(Dispatcher.scala:215)
	java.util.concurrent.ThreadPoolExecutor.runWorker(ThreadPoolExecutor.java:1149)
	java.util.concurrent.ThreadPoolExecutor$Worker.run(ThreadPoolExecutor.java:624)
	java.lang.Thread.run(Thread.java:750)

Thread name=block-manager-slave-async-thread-pool-14 id=228 priority=5 state=TIMED_WAITING isdaemon=true
	sun.misc.Unsafe.park(Native Method)
	java.util.concurrent.locks.LockSupport.parkNanos(LockSupport.java:215)
	java.util.concurrent.locks.AbstractQueuedSynchronizer$ConditionObject.awaitNanos(AbstractQueuedSynchronizer.java:2078)
	java.util.concurrent.LinkedBlockingQueue.poll(LinkedBlockingQueue.java:467)
	java.util.concurrent.ThreadPoolExecutor.getTask(ThreadPoolExecutor.java:1073)
	java.util.concurrent.ThreadPoolExecutor.runWorker(ThreadPoolExecutor.java:1134)
	java.util.concurrent.ThreadPoolExecutor$Worker.run(ThreadPoolExecutor.java:624)
	java.lang.Thread.run(Thread.java:750)

Thread name=block-manager-slave-async-thread-pool-23 id=257 priority=5 state=TIMED_WAITING isdaemon=true
	sun.misc.Unsafe.park(Native Method)
	java.util.concurrent.locks.LockSupport.parkNanos(LockSupport.java:215)
	java.util.concurrent.locks.AbstractQueuedSynchronizer$ConditionObject.awaitNanos(AbstractQueuedSynchronizer.java:2078)
	java.util.concurrent.LinkedBlockingQueue.poll(LinkedBlockingQueue.java:467)
	java.util.concurrent.ThreadPoolExecutor.getTask(ThreadPoolExecutor.java:1073)
	java.util.concurrent.ThreadPoolExecutor.runWorker(ThreadPoolExecutor.java:1134)
	java.util.concurrent.ThreadPoolExecutor$Worker.run(ThreadPoolExecutor.java:624)
	java.lang.Thread.run(Thread.java:750)

Thread name=element-tracking-store-worker id=151 priority=5 state=WAITING isdaemon=true
	sun.misc.Unsafe.park(Native Method)
	java.util.concurrent.locks.LockSupport.park(LockSupport.java:175)
	java.util.concurrent.locks.AbstractQueuedSynchronizer$ConditionObject.await(AbstractQueuedSynchronizer.java:2039)
	java.util.concurrent.LinkedBlockingQueue.take(LinkedBlockingQueue.java:442)
	java.util.concurrent.ThreadPoolExecutor.getTask(ThreadPoolExecutor.java:1074)
	java.util.concurrent.ThreadPoolExecutor.runWorker(ThreadPoolExecutor.java:1134)
	java.util.concurrent.ThreadPoolExecutor$Worker.run(ThreadPoolExecutor.java:624)
	java.lang.Thread.run(Thread.java:750)

Thread name=block-manager-ask-thread-pool-10 id=214 priority=5 state=TIMED_WAITING isdaemon=true
	sun.misc.Unsafe.park(Native Method)
	java.util.concurrent.locks.LockSupport.parkNanos(LockSupport.java:215)
	java.util.concurrent.locks.AbstractQueuedSynchronizer$ConditionObject.awaitNanos(AbstractQueuedSynchronizer.java:2078)
	java.util.concurrent.LinkedBlockingQueue.poll(LinkedBlockingQueue.java:467)
	java.util.concurrent.ThreadPoolExecutor.getTask(ThreadPoolExecutor.java:1073)
	java.util.concurrent.ThreadPoolExecutor.runWorker(ThreadPoolExecutor.java:1134)
	java.util.concurrent.ThreadPoolExecutor$Worker.run(ThreadPoolExecutor.java:624)
	java.lang.Thread.run(Thread.java:750)

Thread name=block-manager-slave-async-thread-pool-17 id=233 priority=5 state=TIMED_WAITING isdaemon=true
	sun.misc.Unsafe.park(Native Method)
	java.util.concurrent.locks.LockSupport.parkNanos(LockSupport.java:215)
	java.util.concurrent.locks.AbstractQueuedSynchronizer$ConditionObject.awaitNanos(AbstractQueuedSynchronizer.java:2078)
	java.util.concurrent.LinkedBlockingQueue.poll(LinkedBlockingQueue.java:467)
	java.util.concurrent.ThreadPoolExecutor.getTask(ThreadPoolExecutor.java:1073)
	java.util.concurrent.ThreadPoolExecutor.runWorker(ThreadPoolExecutor.java:1134)
	java.util.concurrent.ThreadPoolExecutor$Worker.run(ThreadPoolExecutor.java:624)
	java.lang.Thread.run(Thread.java:750)

Thread name=scala-execution-context-global-31 id=31 priority=5 state=TIMED_WAITING isdaemon=true
	sun.misc.Unsafe.park(Native Method)
	java.util.concurrent.ForkJoinPool.awaitWork(ForkJoinPool.java:1835)
	java.util.concurrent.ForkJoinPool.runWorker(ForkJoinPool.java:1704)
	java.util.concurrent.ForkJoinWorkerThread.run(ForkJoinWorkerThread.java:172)

Thread name=block-manager-slave-async-thread-pool-16 id=231 priority=5 state=TIMED_WAITING isdaemon=true
	sun.misc.Unsafe.park(Native Method)
	java.util.concurrent.locks.LockSupport.parkNanos(LockSupport.java:215)
	java.util.concurrent.locks.AbstractQueuedSynchronizer$ConditionObject.awaitNanos(AbstractQueuedSynchronizer.java:2078)
	java.util.concurrent.LinkedBlockingQueue.poll(LinkedBlockingQueue.java:467)
	java.util.concurrent.ThreadPoolExecutor.getTask(ThreadPoolExecutor.java:1073)
	java.util.concurrent.ThreadPoolExecutor.runWorker(ThreadPoolExecutor.java:1134)
	java.util.concurrent.ThreadPoolExecutor$Worker.run(ThreadPoolExecutor.java:624)
	java.lang.Thread.run(Thread.java:750)

Thread name=block-manager-slave-async-thread-pool-29 id=267 priority=5 state=TIMED_WAITING isdaemon=true
	sun.misc.Unsafe.park(Native Method)
	java.util.concurrent.locks.LockSupport.parkNanos(LockSupport.java:215)
	java.util.concurrent.locks.AbstractQueuedSynchronizer$ConditionObject.awaitNanos(AbstractQueuedSynchronizer.java:2078)
	java.util.concurrent.LinkedBlockingQueue.poll(LinkedBlockingQueue.java:467)
	java.util.concurrent.ThreadPoolExecutor.getTask(ThreadPoolExecutor.java:1073)
	java.util.concurrent.ThreadPoolExecutor.runWorker(ThreadPoolExecutor.java:1134)
	java.util.concurrent.ThreadPoolExecutor$Worker.run(ThreadPoolExecutor.java:624)
	java.lang.Thread.run(Thread.java:750)

Thread name=scala-execution-context-global-30 id=30 priority=5 state=WAITING isdaemon=true
	sun.misc.Unsafe.park(Native Method)
	java.util.concurrent.ForkJoinPool.awaitWork(ForkJoinPool.java:1835)
	java.util.concurrent.ForkJoinPool.runWorker(ForkJoinPool.java:1704)
	java.util.concurrent.ForkJoinWorkerThread.run(ForkJoinWorkerThread.java:172)

Thread name=classloader-cache-cleanup-0 id=20 priority=5 state=TIMED_WAITING isdaemon=true
	java.lang.Object.wait(Native Method)
	java.lang.ref.ReferenceQueue.remove(ReferenceQueue.java:144)
	sbt.internal.classpath.ClassLoaderCache$CleanupThread.run(ClassLoaderCache.scala:106)

Thread name=dispatcher-event-loop-6 id=120 priority=5 state=WAITING isdaemon=true
	sun.misc.Unsafe.park(Native Method)
	java.util.concurrent.locks.LockSupport.park(LockSupport.java:175)
	java.util.concurrent.locks.AbstractQueuedSynchronizer$ConditionObject.await(AbstractQueuedSynchronizer.java:2039)
	java.util.concurrent.LinkedBlockingQueue.take(LinkedBlockingQueue.java:442)
	org.apache.spark.rpc.netty.Dispatcher$MessageLoop.run(Dispatcher.scala:215)
	java.util.concurrent.ThreadPoolExecutor.runWorker(ThreadPoolExecutor.java:1149)
	java.util.concurrent.ThreadPoolExecutor$Worker.run(ThreadPoolExecutor.java:624)
	java.lang.Thread.run(Thread.java:750)

Thread name=Finalizer id=3 priority=8 state=WAITING isdaemon=true
	java.lang.Object.wait(Native Method)
	java.lang.ref.ReferenceQueue.remove(ReferenceQueue.java:144)
	java.lang.ref.ReferenceQueue.remove(ReferenceQueue.java:165)
	java.lang.ref.Finalizer$FinalizerThread.run(Finalizer.java:216)

Thread name=derby.rawStoreDaemon id=156 priority=5 state=TIMED_WAITING isdaemon=true
	java.lang.Object.wait(Native Method)
	org.apache.derby.impl.services.daemon.BasicDaemon.rest(Unknown Source)
	org.apache.derby.impl.services.daemon.BasicDaemon.run(Unknown Source)
	java.lang.Thread.run(Thread.java:750)

Thread name=block-manager-ask-thread-pool-22 id=256 priority=5 state=TIMED_WAITING isdaemon=true
	sun.misc.Unsafe.park(Native Method)
	java.util.concurrent.locks.LockSupport.parkNanos(LockSupport.java:215)
	java.util.concurrent.locks.AbstractQueuedSynchronizer$ConditionObject.awaitNanos(AbstractQueuedSynchronizer.java:2078)
	java.util.concurrent.LinkedBlockingQueue.poll(LinkedBlockingQueue.java:467)
	java.util.concurrent.ThreadPoolExecutor.getTask(ThreadPoolExecutor.java:1073)
	java.util.concurrent.ThreadPoolExecutor.runWorker(ThreadPoolExecutor.java:1134)
	java.util.concurrent.ThreadPoolExecutor$Worker.run(ThreadPoolExecutor.java:624)
	java.lang.Thread.run(Thread.java:750)

Thread name=block-manager-slave-async-thread-pool-2 id=184 priority=5 state=TIMED_WAITING isdaemon=true
	sun.misc.Unsafe.park(Native Method)
	java.util.concurrent.locks.LockSupport.parkNanos(LockSupport.java:215)
	java.util.concurrent.locks.AbstractQueuedSynchronizer$ConditionObject.awaitNanos(AbstractQueuedSynchronizer.java:2078)
	java.util.concurrent.LinkedBlockingQueue.poll(LinkedBlockingQueue.java:467)
	java.util.concurrent.ThreadPoolExecutor.getTask(ThreadPoolExecutor.java:1073)
	java.util.concurrent.ThreadPoolExecutor.runWorker(ThreadPoolExecutor.java:1134)
	java.util.concurrent.ThreadPoolExecutor$Worker.run(ThreadPoolExecutor.java:624)
	java.lang.Thread.run(Thread.java:750)

Thread name=block-manager-ask-thread-pool-0 id=181 priority=5 state=TIMED_WAITING isdaemon=true
	sun.misc.Unsafe.park(Native Method)
	java.util.concurrent.locks.LockSupport.parkNanos(LockSupport.java:215)
	java.util.concurrent.locks.AbstractQueuedSynchronizer$ConditionObject.awaitNanos(AbstractQueuedSynchronizer.java:2078)
	java.util.concurrent.LinkedBlockingQueue.poll(LinkedBlockingQueue.java:467)
	java.util.concurrent.ThreadPoolExecutor.getTask(ThreadPoolExecutor.java:1073)
	java.util.concurrent.ThreadPoolExecutor.runWorker(ThreadPoolExecutor.java:1134)
	java.util.concurrent.ThreadPoolExecutor$Worker.run(ThreadPoolExecutor.java:624)
	java.lang.Thread.run(Thread.java:750)

Thread name=block-manager-ask-thread-pool-24 id=261 priority=5 state=TIMED_WAITING isdaemon=true
	sun.misc.Unsafe.park(Native Method)
	java.util.concurrent.locks.LockSupport.parkNanos(LockSupport.java:215)
	java.util.concurrent.locks.AbstractQueuedSynchronizer$ConditionObject.awaitNanos(AbstractQueuedSynchronizer.java:2078)
	java.util.concurrent.LinkedBlockingQueue.poll(LinkedBlockingQueue.java:467)
	java.util.concurrent.ThreadPoolExecutor.getTask(ThreadPoolExecutor.java:1073)
	java.util.concurrent.ThreadPoolExecutor.runWorker(ThreadPoolExecutor.java:1134)
	java.util.concurrent.ThreadPoolExecutor$Worker.run(ThreadPoolExecutor.java:624)
	java.lang.Thread.run(Thread.java:750)

Thread name=block-manager-slave-async-thread-pool-19 id=236 priority=5 state=TIMED_WAITING isdaemon=true
	sun.misc.Unsafe.park(Native Method)
	java.util.concurrent.locks.LockSupport.parkNanos(LockSupport.java:215)
	java.util.concurrent.locks.AbstractQueuedSynchronizer$ConditionObject.awaitNanos(AbstractQueuedSynchronizer.java:2078)
	java.util.concurrent.LinkedBlockingQueue.poll(LinkedBlockingQueue.java:467)
	java.util.concurrent.ThreadPoolExecutor.getTask(ThreadPoolExecutor.java:1073)
	java.util.concurrent.ThreadPoolExecutor.runWorker(ThreadPoolExecutor.java:1134)
	java.util.concurrent.ThreadPoolExecutor$Worker.run(ThreadPoolExecutor.java:624)
	java.lang.Thread.run(Thread.java:750)

Thread name=rpc-boss-3-1 id=122 priority=5 state=RUNNABLE isdaemon=true
	sun.nio.ch.WindowsSelectorImpl$SubSelector.poll0(Native Method)
	sun.nio.ch.WindowsSelectorImpl$SubSelector.poll(WindowsSelectorImpl.java:296)
	sun.nio.ch.WindowsSelectorImpl$SubSelector.access$400(WindowsSelectorImpl.java:278)
	sun.nio.ch.WindowsSelectorImpl.doSelect(WindowsSelectorImpl.java:159)
	sun.nio.ch.SelectorImpl.lockAndDoSelect(SelectorImpl.java:86)
	sun.nio.ch.SelectorImpl.select(SelectorImpl.java:97)
	sun.nio.ch.SelectorImpl.select(SelectorImpl.java:101)
	io.netty.channel.nio.SelectedSelectionKeySetSelector.select(SelectedSelectionKeySetSelector.java:68)
	io.netty.channel.nio.NioEventLoop.select(NioEventLoop.java:803)
	io.netty.channel.nio.NioEventLoop.run(NioEventLoop.java:457)
	io.netty.util.concurrent.SingleThreadEventExecutor$4.run(SingleThreadEventExecutor.java:989)
	io.netty.util.internal.ThreadExecutorMap$2.run(ThreadExecutorMap.java:74)
	io.netty.util.concurrent.FastThreadLocalRunnable.run(FastThreadLocalRunnable.java:30)
	java.lang.Thread.run(Thread.java:750)

Thread name=shuffle-server-7-5 id=285 priority=5 state=TIMED_WAITING isdaemon=true
	java.lang.Thread.sleep(Native Method)
	io.netty.util.concurrent.SingleThreadEventExecutor.confirmShutdown(SingleThreadEventExecutor.java:790)
	io.netty.channel.nio.NioEventLoop.run(NioEventLoop.java:525)
	io.netty.util.concurrent.SingleThreadEventExecutor$4.run(SingleThreadEventExecutor.java:989)
	io.netty.util.internal.ThreadExecutorMap$2.run(ThreadExecutorMap.java:74)
	io.netty.util.concurrent.FastThreadLocalRunnable.run(FastThreadLocalRunnable.java:30)
	java.lang.Thread.run(Thread.java:750)

Thread name=BoneCP-pool-watch-thread id=159 priority=5 state=WAITING isdaemon=true
	sun.misc.Unsafe.park(Native Method)
	java.util.concurrent.locks.LockSupport.park(LockSupport.java:175)
	java.util.concurrent.locks.AbstractQueuedSynchronizer$ConditionObject.await(AbstractQueuedSynchronizer.java:2039)
	java.util.concurrent.ArrayBlockingQueue.take(ArrayBlockingQueue.java:403)
	com.jolbox.bonecp.PoolWatchThread.run(PoolWatchThread.java:75)
	java.util.concurrent.ThreadPoolExecutor.runWorker(ThreadPoolExecutor.java:1149)
	java.util.concurrent.ThreadPoolExecutor$Worker.run(ThreadPoolExecutor.java:624)
	java.lang.Thread.run(Thread.java:750)

Thread name=block-manager-slave-async-thread-pool-21 id=254 priority=5 state=TIMED_WAITING isdaemon=true
	sun.misc.Unsafe.park(Native Method)
	java.util.concurrent.locks.LockSupport.parkNanos(LockSupport.java:215)
	java.util.concurrent.locks.AbstractQueuedSynchronizer$ConditionObject.awaitNanos(AbstractQueuedSynchronizer.java:2078)
	java.util.concurrent.LinkedBlockingQueue.poll(LinkedBlockingQueue.java:467)
	java.util.concurrent.ThreadPoolExecutor.getTask(ThreadPoolExecutor.java:1073)
	java.util.concurrent.ThreadPoolExecutor.runWorker(ThreadPoolExecutor.java:1134)
	java.util.concurrent.ThreadPoolExecutor$Worker.run(ThreadPoolExecutor.java:624)
	java.lang.Thread.run(Thread.java:750)

Thread name=dispatcher-event-loop-4 id=118 priority=5 state=WAITING isdaemon=true
	sun.misc.Unsafe.park(Native Method)
	java.util.concurrent.locks.LockSupport.park(LockSupport.java:175)
	java.util.concurrent.locks.AbstractQueuedSynchronizer$ConditionObject.await(AbstractQueuedSynchronizer.java:2039)
	java.util.concurrent.LinkedBlockingQueue.take(LinkedBlockingQueue.java:442)
	org.apache.spark.rpc.netty.Dispatcher$MessageLoop.run(Dispatcher.scala:215)
	java.util.concurrent.ThreadPoolExecutor.runWorker(ThreadPoolExecutor.java:1149)
	java.util.concurrent.ThreadPoolExecutor$Worker.run(ThreadPoolExecutor.java:624)
	java.lang.Thread.run(Thread.java:750)

Thread name=Reference Handler id=2 priority=10 state=WAITING isdaemon=true
	java.lang.Object.wait(Native Method)
	java.lang.Object.wait(Object.java:502)
	java.lang.ref.Reference.tryHandlePending(Reference.java:191)
	java.lang.ref.Reference$ReferenceHandler.run(Reference.java:153)

Thread name=netty-rpc-env-timeout id=145 priority=5 state=TIMED_WAITING isdaemon=true
	sun.misc.Unsafe.park(Native Method)
	java.util.concurrent.locks.LockSupport.parkNanos(LockSupport.java:215)
	java.util.concurrent.locks.AbstractQueuedSynchronizer$ConditionObject.awaitNanos(AbstractQueuedSynchronizer.java:2078)
	java.util.concurrent.ScheduledThreadPoolExecutor$DelayedWorkQueue.take(ScheduledThreadPoolExecutor.java:1093)
	java.util.concurrent.ScheduledThreadPoolExecutor$DelayedWorkQueue.take(ScheduledThreadPoolExecutor.java:809)
	java.util.concurrent.ThreadPoolExecutor.getTask(ThreadPoolExecutor.java:1074)
	java.util.concurrent.ThreadPoolExecutor.runWorker(ThreadPoolExecutor.java:1134)
	java.util.concurrent.ThreadPoolExecutor$Worker.run(ThreadPoolExecutor.java:624)
	java.lang.Thread.run(Thread.java:750)

Thread name=shuffle-server-7-8 id=288 priority=5 state=TIMED_WAITING isdaemon=true
	java.lang.Thread.sleep(Native Method)
	io.netty.util.concurrent.SingleThreadEventExecutor.confirmShutdown(SingleThreadEventExecutor.java:790)
	io.netty.channel.nio.NioEventLoop.run(NioEventLoop.java:525)
	io.netty.util.concurrent.SingleThreadEventExecutor$4.run(SingleThreadEventExecutor.java:989)
	io.netty.util.internal.ThreadExecutorMap$2.run(ThreadExecutorMap.java:74)
	io.netty.util.concurrent.FastThreadLocalRunnable.run(FastThreadLocalRunnable.java:30)
	java.lang.Thread.run(Thread.java:750)

Thread name=BoneCP-keep-alive-scheduler id=158 priority=5 state=TIMED_WAITING isdaemon=true
	sun.misc.Unsafe.park(Native Method)
	java.util.concurrent.locks.LockSupport.parkNanos(LockSupport.java:215)
	java.util.concurrent.locks.AbstractQueuedSynchronizer$ConditionObject.awaitNanos(AbstractQueuedSynchronizer.java:2078)
	java.util.concurrent.ScheduledThreadPoolExecutor$DelayedWorkQueue.take(ScheduledThreadPoolExecutor.java:1093)
	java.util.concurrent.ScheduledThreadPoolExecutor$DelayedWorkQueue.take(ScheduledThreadPoolExecutor.java:809)
	java.util.concurrent.ThreadPoolExecutor.getTask(ThreadPoolExecutor.java:1074)
	java.util.concurrent.ThreadPoolExecutor.runWorker(ThreadPoolExecutor.java:1134)
	java.util.concurrent.ThreadPoolExecutor$Worker.run(ThreadPoolExecutor.java:624)
	java.lang.Thread.run(Thread.java:750)

Thread name=shuffle-server-7-1 id=281 priority=5 state=TIMED_WAITING isdaemon=true
	java.lang.Thread.sleep(Native Method)
	io.netty.util.concurrent.SingleThreadEventExecutor.confirmShutdown(SingleThreadEventExecutor.java:790)
	io.netty.channel.nio.NioEventLoop.run(NioEventLoop.java:525)
	io.netty.util.concurrent.SingleThreadEventExecutor$4.run(SingleThreadEventExecutor.java:989)
	io.netty.util.internal.ThreadExecutorMap$2.run(ThreadExecutorMap.java:74)
	io.netty.util.concurrent.FastThreadLocalRunnable.run(FastThreadLocalRunnable.java:30)
	java.lang.Thread.run(Thread.java:750)

Thread name=block-manager-ask-thread-pool-8 id=212 priority=5 state=TIMED_WAITING isdaemon=true
	sun.misc.Unsafe.park(Native Method)
	java.util.concurrent.locks.LockSupport.parkNanos(LockSupport.java:215)
	java.util.concurrent.locks.AbstractQueuedSynchronizer$ConditionObject.awaitNanos(AbstractQueuedSynchronizer.java:2078)
	java.util.concurrent.LinkedBlockingQueue.poll(LinkedBlockingQueue.java:467)
	java.util.concurrent.ThreadPoolExecutor.getTask(ThreadPoolExecutor.java:1073)
	java.util.concurrent.ThreadPoolExecutor.runWorker(ThreadPoolExecutor.java:1134)
	java.util.concurrent.ThreadPoolExecutor$Worker.run(ThreadPoolExecutor.java:624)
	java.lang.Thread.run(Thread.java:750)

Thread name=block-manager-slave-async-thread-pool-26 id=262 priority=5 state=TIMED_WAITING isdaemon=true
	sun.misc.Unsafe.park(Native Method)
	java.util.concurrent.locks.LockSupport.parkNanos(LockSupport.java:215)
	java.util.concurrent.locks.AbstractQueuedSynchronizer$ConditionObject.awaitNanos(AbstractQueuedSynchronizer.java:2078)
	java.util.concurrent.LinkedBlockingQueue.poll(LinkedBlockingQueue.java:467)
	java.util.concurrent.ThreadPoolExecutor.getTask(ThreadPoolExecutor.java:1073)
	java.util.concurrent.ThreadPoolExecutor.runWorker(ThreadPoolExecutor.java:1134)
	java.util.concurrent.ThreadPoolExecutor$Worker.run(ThreadPoolExecutor.java:624)
	java.lang.Thread.run(Thread.java:750)

Thread name=block-manager-ask-thread-pool-1 id=185 priority=5 state=TIMED_WAITING isdaemon=true
	sun.misc.Unsafe.park(Native Method)
	java.util.concurrent.locks.LockSupport.parkNanos(LockSupport.java:215)
	java.util.concurrent.locks.AbstractQueuedSynchronizer$ConditionObject.awaitNanos(AbstractQueuedSynchronizer.java:2078)
	java.util.concurrent.LinkedBlockingQueue.poll(LinkedBlockingQueue.java:467)
	java.util.concurrent.ThreadPoolExecutor.getTask(ThreadPoolExecutor.java:1073)
	java.util.concurrent.ThreadPoolExecutor.runWorker(ThreadPoolExecutor.java:1134)
	java.util.concurrent.ThreadPoolExecutor$Worker.run(ThreadPoolExecutor.java:624)
	java.lang.Thread.run(Thread.java:750)

Thread name=block-manager-slave-async-thread-pool-4 id=200 priority=5 state=TIMED_WAITING isdaemon=true
	sun.misc.Unsafe.park(Native Method)
	java.util.concurrent.locks.LockSupport.parkNanos(LockSupport.java:215)
	java.util.concurrent.locks.AbstractQueuedSynchronizer$ConditionObject.awaitNanos(AbstractQueuedSynchronizer.java:2078)
	java.util.concurrent.LinkedBlockingQueue.poll(LinkedBlockingQueue.java:467)
	java.util.concurrent.ThreadPoolExecutor.getTask(ThreadPoolExecutor.java:1073)
	java.util.concurrent.ThreadPoolExecutor.runWorker(ThreadPoolExecutor.java:1134)
	java.util.concurrent.ThreadPoolExecutor$Worker.run(ThreadPoolExecutor.java:624)
	java.lang.Thread.run(Thread.java:750)

Thread name=block-manager-slave-async-thread-pool-20 id=238 priority=5 state=TIMED_WAITING isdaemon=true
	sun.misc.Unsafe.park(Native Method)
	java.util.concurrent.locks.LockSupport.parkNanos(LockSupport.java:215)
	java.util.concurrent.locks.AbstractQueuedSynchronizer$ConditionObject.awaitNanos(AbstractQueuedSynchronizer.java:2078)
	java.util.concurrent.LinkedBlockingQueue.poll(LinkedBlockingQueue.java:467)
	java.util.concurrent.ThreadPoolExecutor.getTask(ThreadPoolExecutor.java:1073)
	java.util.concurrent.ThreadPoolExecutor.runWorker(ThreadPoolExecutor.java:1134)
	java.util.concurrent.ThreadPoolExecutor$Worker.run(ThreadPoolExecutor.java:624)
	java.lang.Thread.run(Thread.java:750)

Thread name=block-manager-ask-thread-pool-12 id=225 priority=5 state=TIMED_WAITING isdaemon=true
	sun.misc.Unsafe.park(Native Method)
	java.util.concurrent.locks.LockSupport.parkNanos(LockSupport.java:215)
	java.util.concurrent.locks.AbstractQueuedSynchronizer$ConditionObject.awaitNanos(AbstractQueuedSynchronizer.java:2078)
	java.util.concurrent.LinkedBlockingQueue.poll(LinkedBlockingQueue.java:467)
	java.util.concurrent.ThreadPoolExecutor.getTask(ThreadPoolExecutor.java:1073)
	java.util.concurrent.ThreadPoolExecutor.runWorker(ThreadPoolExecutor.java:1134)
	java.util.concurrent.ThreadPoolExecutor$Worker.run(ThreadPoolExecutor.java:624)
	java.lang.Thread.run(Thread.java:750)

Thread name=dispatcher-event-loop-1 id=115 priority=5 state=WAITING isdaemon=true
	sun.misc.Unsafe.park(Native Method)
	java.util.concurrent.locks.LockSupport.park(LockSupport.java:175)
	java.util.concurrent.locks.AbstractQueuedSynchronizer$ConditionObject.await(AbstractQueuedSynchronizer.java:2039)
	java.util.concurrent.LinkedBlockingQueue.take(LinkedBlockingQueue.java:442)
	org.apache.spark.rpc.netty.Dispatcher$MessageLoop.run(Dispatcher.scala:215)
	java.util.concurrent.ThreadPoolExecutor.runWorker(ThreadPoolExecutor.java:1149)
	java.util.concurrent.ThreadPoolExecutor$Worker.run(ThreadPoolExecutor.java:624)
	java.lang.Thread.run(Thread.java:750)

Thread name=block-manager-ask-thread-pool-2 id=186 priority=5 state=TIMED_WAITING isdaemon=true
	sun.misc.Unsafe.park(Native Method)
	java.util.concurrent.locks.LockSupport.parkNanos(LockSupport.java:215)
	java.util.concurrent.locks.AbstractQueuedSynchronizer$ConditionObject.awaitNanos(AbstractQueuedSynchronizer.java:2078)
	java.util.concurrent.LinkedBlockingQueue.poll(LinkedBlockingQueue.java:467)
	java.util.concurrent.ThreadPoolExecutor.getTask(ThreadPoolExecutor.java:1073)
	java.util.concurrent.ThreadPoolExecutor.runWorker(ThreadPoolExecutor.java:1134)
	java.util.concurrent.ThreadPoolExecutor$Worker.run(ThreadPoolExecutor.java:624)
	java.lang.Thread.run(Thread.java:750)

Thread name=shuffle-client-5-5 id=293 priority=5 state=TIMED_WAITING isdaemon=true

Thread name=block-manager-ask-thread-pool-3 id=199 priority=5 state=TIMED_WAITING isdaemon=true
	sun.misc.Unsafe.park(Native Method)
	java.util.concurrent.locks.LockSupport.parkNanos(LockSupport.java:215)
	java.util.concurrent.locks.AbstractQueuedSynchronizer$ConditionObject.awaitNanos(AbstractQueuedSynchronizer.java:2078)
	java.util.concurrent.LinkedBlockingQueue.poll(LinkedBlockingQueue.java:467)
	java.util.concurrent.ThreadPoolExecutor.getTask(ThreadPoolExecutor.java:1073)
	java.util.concurrent.ThreadPoolExecutor.runWorker(ThreadPoolExecutor.java:1134)
	java.util.concurrent.ThreadPoolExecutor$Worker.run(ThreadPoolExecutor.java:624)
	java.lang.Thread.run(Thread.java:750)

Thread name=shuffle-server-7-3 id=283 priority=5 state=TIMED_WAITING isdaemon=true
	java.lang.Thread.sleep(Native Method)
	io.netty.util.concurrent.SingleThreadEventExecutor.confirmShutdown(SingleThreadEventExecutor.java:790)
	io.netty.channel.nio.NioEventLoop.run(NioEventLoop.java:525)
	io.netty.util.concurrent.SingleThreadEventExecutor$4.run(SingleThreadEventExecutor.java:989)
	io.netty.util.internal.ThreadExecutorMap$2.run(ThreadExecutorMap.java:74)
	io.netty.util.concurrent.FastThreadLocalRunnable.run(FastThreadLocalRunnable.java:30)
	java.lang.Thread.run(Thread.java:750)

Thread name=block-manager-ask-thread-pool-21 id=253 priority=5 state=TIMED_WAITING isdaemon=true
	sun.misc.Unsafe.park(Native Method)
	java.util.concurrent.locks.LockSupport.parkNanos(LockSupport.java:215)
	java.util.concurrent.locks.AbstractQueuedSynchronizer$ConditionObject.awaitNanos(AbstractQueuedSynchronizer.java:2078)
	java.util.concurrent.LinkedBlockingQueue.poll(LinkedBlockingQueue.java:467)
	java.util.concurrent.ThreadPoolExecutor.getTask(ThreadPoolExecutor.java:1073)
	java.util.concurrent.ThreadPoolExecutor.runWorker(ThreadPoolExecutor.java:1134)
	java.util.concurrent.ThreadPoolExecutor$Worker.run(ThreadPoolExecutor.java:624)
	java.lang.Thread.run(Thread.java:750)

Thread name=block-manager-ask-thread-pool-14 id=232 priority=5 state=TIMED_WAITING isdaemon=true
	sun.misc.Unsafe.park(Native Method)
	java.util.concurrent.locks.LockSupport.parkNanos(LockSupport.java:215)
	java.util.concurrent.locks.AbstractQueuedSynchronizer$ConditionObject.awaitNanos(AbstractQueuedSynchronizer.java:2078)
	java.util.concurrent.LinkedBlockingQueue.poll(LinkedBlockingQueue.java:467)
	java.util.concurrent.ThreadPoolExecutor.getTask(ThreadPoolExecutor.java:1073)
	java.util.concurrent.ThreadPoolExecutor.runWorker(ThreadPoolExecutor.java:1134)
	java.util.concurrent.ThreadPoolExecutor$Worker.run(ThreadPoolExecutor.java:624)
	java.lang.Thread.run(Thread.java:750)

Thread name=BoneCP-pool-watch-thread id=162 priority=5 state=WAITING isdaemon=true
	sun.misc.Unsafe.park(Native Method)
	java.util.concurrent.locks.LockSupport.park(LockSupport.java:175)
	java.util.concurrent.locks.AbstractQueuedSynchronizer$ConditionObject.await(AbstractQueuedSynchronizer.java:2039)
	java.util.concurrent.ArrayBlockingQueue.take(ArrayBlockingQueue.java:403)
	com.jolbox.bonecp.PoolWatchThread.run(PoolWatchThread.java:75)
	java.util.concurrent.ThreadPoolExecutor.runWorker(ThreadPoolExecutor.java:1149)
	java.util.concurrent.ThreadPoolExecutor$Worker.run(ThreadPoolExecutor.java:624)
	java.lang.Thread.run(Thread.java:750)

Thread name=block-manager-ask-thread-pool-7 id=206 priority=5 state=TIMED_WAITING isdaemon=true
	sun.misc.Unsafe.park(Native Method)
	java.util.concurrent.locks.LockSupport.parkNanos(LockSupport.java:215)
	java.util.concurrent.locks.AbstractQueuedSynchronizer$ConditionObject.awaitNanos(AbstractQueuedSynchronizer.java:2078)
	java.util.concurrent.LinkedBlockingQueue.poll(LinkedBlockingQueue.java:467)
	java.util.concurrent.ThreadPoolExecutor.getTask(ThreadPoolExecutor.java:1073)
	java.util.concurrent.ThreadPoolExecutor.runWorker(ThreadPoolExecutor.java:1134)
	java.util.concurrent.ThreadPoolExecutor$Worker.run(ThreadPoolExecutor.java:624)
	java.lang.Thread.run(Thread.java:750)

Thread name=block-manager-slave-async-thread-pool-27 id=264 priority=5 state=TIMED_WAITING isdaemon=true
	sun.misc.Unsafe.park(Native Method)
	java.util.concurrent.locks.LockSupport.parkNanos(LockSupport.java:215)
	java.util.concurrent.locks.AbstractQueuedSynchronizer$ConditionObject.awaitNanos(AbstractQueuedSynchronizer.java:2078)
	java.util.concurrent.LinkedBlockingQueue.poll(LinkedBlockingQueue.java:467)
	java.util.concurrent.ThreadPoolExecutor.getTask(ThreadPoolExecutor.java:1073)
	java.util.concurrent.ThreadPoolExecutor.runWorker(ThreadPoolExecutor.java:1134)
	java.util.concurrent.ThreadPoolExecutor$Worker.run(ThreadPoolExecutor.java:624)
	java.lang.Thread.run(Thread.java:750)

Thread name=block-manager-slave-async-thread-pool-3 id=198 priority=5 state=TIMED_WAITING isdaemon=true
	sun.misc.Unsafe.park(Native Method)
	java.util.concurrent.locks.LockSupport.parkNanos(LockSupport.java:215)
	java.util.concurrent.locks.AbstractQueuedSynchronizer$ConditionObject.awaitNanos(AbstractQueuedSynchronizer.java:2078)
	java.util.concurrent.LinkedBlockingQueue.poll(LinkedBlockingQueue.java:467)
	java.util.concurrent.ThreadPoolExecutor.getTask(ThreadPoolExecutor.java:1073)
	java.util.concurrent.ThreadPoolExecutor.runWorker(ThreadPoolExecutor.java:1134)
	java.util.concurrent.ThreadPoolExecutor$Worker.run(ThreadPoolExecutor.java:624)
	java.lang.Thread.run(Thread.java:750)

Thread name=block-manager-ask-thread-pool-9 id=213 priority=5 state=TIMED_WAITING isdaemon=true
	sun.misc.Unsafe.park(Native Method)
	java.util.concurrent.locks.LockSupport.parkNanos(LockSupport.java:215)
	java.util.concurrent.locks.AbstractQueuedSynchronizer$ConditionObject.awaitNanos(AbstractQueuedSynchronizer.java:2078)
	java.util.concurrent.LinkedBlockingQueue.poll(LinkedBlockingQueue.java:467)
	java.util.concurrent.ThreadPoolExecutor.getTask(ThreadPoolExecutor.java:1073)
	java.util.concurrent.ThreadPoolExecutor.runWorker(ThreadPoolExecutor.java:1134)
	java.util.concurrent.ThreadPoolExecutor$Worker.run(ThreadPoolExecutor.java:624)
	java.lang.Thread.run(Thread.java:750)

Thread name=RemoteBlock-temp-file-clean-thread id=132 priority=5 state=TERMINATED isdaemon=true
	java.lang.Object.wait(Native Method)
	java.lang.ref.ReferenceQueue.remove(ReferenceQueue.java:144)
	org.apache.spark.storage.BlockManager$RemoteBlockDownloadFileManager.org$apache$spark$storage$BlockManager$RemoteBlockDownloadFileManager$$keepCleaning(BlockManager.scala:1732)
	org.apache.spark.storage.BlockManager$RemoteBlockDownloadFileManager$$anon$2.run(BlockManager.scala:1700)

Thread name=ForkJoinPool.commonPool-worker-2 id=276 priority=5 state=TIMED_WAITING isdaemon=true
	sun.misc.Unsafe.park(Native Method)
	java.util.concurrent.ForkJoinPool.awaitWork(ForkJoinPool.java:1835)
	java.util.concurrent.ForkJoinPool.runWorker(ForkJoinPool.java:1704)
	java.util.concurrent.ForkJoinWorkerThread.run(ForkJoinWorkerThread.java:172)

Thread name=com.google.common.base.internal.Finalizer id=160 priority=5 state=WAITING isdaemon=true
	java.lang.Object.wait(Native Method)
	java.lang.ref.ReferenceQueue.remove(ReferenceQueue.java:144)
	java.lang.ref.ReferenceQueue.remove(ReferenceQueue.java:165)
	com.google.common.base.internal.Finalizer.run(Finalizer.java:131)
	java.lang.Thread.run(Thread.java:750)

Thread name=block-manager-ask-thread-pool-4 id=202 priority=5 state=TIMED_WAITING isdaemon=true
	sun.misc.Unsafe.park(Native Method)
	java.util.concurrent.locks.LockSupport.parkNanos(LockSupport.java:215)
	java.util.concurrent.locks.AbstractQueuedSynchronizer$ConditionObject.awaitNanos(AbstractQueuedSynchronizer.java:2078)
	java.util.concurrent.LinkedBlockingQueue.poll(LinkedBlockingQueue.java:467)
	java.util.concurrent.ThreadPoolExecutor.getTask(ThreadPoolExecutor.java:1073)
	java.util.concurrent.ThreadPoolExecutor.runWorker(ThreadPoolExecutor.java:1134)
	java.util.concurrent.ThreadPoolExecutor$Worker.run(ThreadPoolExecutor.java:624)
	java.lang.Thread.run(Thread.java:750)

Thread name=block-manager-slave-async-thread-pool-15 id=230 priority=5 state=TIMED_WAITING isdaemon=true
	sun.misc.Unsafe.park(Native Method)
	java.util.concurrent.locks.LockSupport.parkNanos(LockSupport.java:215)
	java.util.concurrent.locks.AbstractQueuedSynchronizer$ConditionObject.awaitNanos(AbstractQueuedSynchronizer.java:2078)
	java.util.concurrent.LinkedBlockingQueue.poll(LinkedBlockingQueue.java:467)
	java.util.concurrent.ThreadPoolExecutor.getTask(ThreadPoolExecutor.java:1073)
	java.util.concurrent.ThreadPoolExecutor.runWorker(ThreadPoolExecutor.java:1134)
	java.util.concurrent.ThreadPoolExecutor$Worker.run(ThreadPoolExecutor.java:624)
	java.lang.Thread.run(Thread.java:750)


---------------

Cleanup action completed
